Using pre-set license
Built from '2020.3/staging' branch; Version is '2020.3.28f1 (f5400f52e03f) revision 16072719'; Using compiler version '192528614'; Build Type 'Release'
OS: 'Windows 11  (10.0.22000) 64bit Professional' Language: 'en' Physical Memory: 16131 MB
BatchMode: 1, IsHumanControllingUs: 0, StartBugReporterOnCrash: 0, Is64bit: 1, IsPro: 0

COMMAND LINE ARGUMENTS:
C:\Program Files\Unity\Hub\Editor\2020.3.28f1\Editor\Unity.exe
-adb2
-batchMode
-noUpm
-name
AssetImportWorker0
-projectPath
C:/Users/romch/OneDrive/Desktop/EPFL/BA4/IPS/CS213
-logFile
Logs/AssetImportWorker0.log
-srvPort
49862
Successfully changed project path to: C:/Users/romch/OneDrive/Desktop/EPFL/BA4/IPS/CS213
C:/Users/romch/OneDrive/Desktop/EPFL/BA4/IPS/CS213
Using Asset Import Pipeline V2.
Refreshing native plugins compatible for Editor in 42.39 ms, found 2 plugins.
Preloading 0 native plugins for Editor in 0.00 ms.
Initialize engine version: 2020.3.28f1 (f5400f52e03f)
[Subsystems] Discovering subsystems at path C:/Program Files/Unity/Hub/Editor/2020.3.28f1/Editor/Data/Resources/UnitySubsystems
[Subsystems] Discovering subsystems at path C:/Users/romch/OneDrive/Desktop/EPFL/BA4/IPS/CS213/Assets
GfxDevice: creating device client; threaded=0
Direct3D:
    Version:  Direct3D 11.0 [level 11.1]
    Renderer: NVIDIA Quadro P520 (ID=0x1d34)
    Vendor:   
    VRAM:     1983 MB
    Driver:   30.0.14.7242
Initialize mono
Mono path[0] = 'C:/Program Files/Unity/Hub/Editor/2020.3.28f1/Editor/Data/Managed'
Mono path[1] = 'C:/Program Files/Unity/Hub/Editor/2020.3.28f1/Editor/Data/MonoBleedingEdge/lib/mono/unityjit'
Mono config path = 'C:/Program Files/Unity/Hub/Editor/2020.3.28f1/Editor/Data/MonoBleedingEdge/etc'
Using monoOptions --debugger-agent=transport=dt_socket,embedding=1,server=y,suspend=n,address=127.0.0.1:56984
Begin MonoManager ReloadAssembly
Registering precompiled unity dll's ...
Register platform support module: C:/Program Files/Unity/Hub/Editor/2020.3.28f1/Editor/Data/PlaybackEngines/WebGLSupport/UnityEditor.WebGL.Extensions.dll
Register platform support module: C:/Program Files/Unity/Hub/Editor/2020.3.28f1/Editor/Data/PlaybackEngines/WindowsStandaloneSupport/UnityEditor.WindowsStandalone.Extensions.dll
Registered in 0.001901 seconds.
Native extension for WindowsStandalone target not found
Native extension for WebGL target not found
Refreshing native plugins compatible for Editor in 46.80 ms, found 2 plugins.
Preloading 0 native plugins for Editor in 0.00 ms.
Mono: successfully reloaded assembly
- Completed reload, in  1.095 seconds
Domain Reload Profiling:
	ReloadAssembly (1095ms)
		BeginReloadAssembly (79ms)
			ExecutionOrderSort (0ms)
			DisableScriptedObjects (0ms)
			BackupInstance (0ms)
			ReleaseScriptingObjects (0ms)
			CreateAndSetChildDomain (1ms)
		EndReloadAssembly (743ms)
			LoadAssemblies (77ms)
			RebuildTransferFunctionScriptingTraits (0ms)
			SetupTypeCache (350ms)
			ReleaseScriptCaches (0ms)
			RebuildScriptCaches (44ms)
			SetupLoadedEditorAssemblies (225ms)
				LogAssemblyErrors (0ms)
				InitializePlatformSupportModulesInManaged (7ms)
				SetLoadedEditorAssemblies (0ms)
				RefreshPlugins (47ms)
				BeforeProcessingInitializeOnLoad (11ms)
				ProcessInitializeOnLoadAttributes (113ms)
				ProcessInitializeOnLoadMethodAttributes (45ms)
				AfterProcessingInitializeOnLoad (0ms)
				EditorAssembliesLoaded (0ms)
			ExecutionOrderSort2 (0ms)
			AwakeInstancesAfterBackupRestoration (0ms)
Platform modules already initialized, skipping
Registering precompiled user dll's ...
Registered in 0.248893 seconds.
Begin MonoManager ReloadAssembly
Native extension for WindowsStandalone target not found
Native extension for WebGL target not found
Refreshing native plugins compatible for Editor in 0.52 ms, found 2 plugins.
Preloading 0 native plugins for Editor in 0.00 ms.
Mono: successfully reloaded assembly
- Completed reload, in  1.425 seconds
Domain Reload Profiling:
	ReloadAssembly (1432ms)
		BeginReloadAssembly (205ms)
			ExecutionOrderSort (0ms)
			DisableScriptedObjects (6ms)
			BackupInstance (0ms)
			ReleaseScriptingObjects (0ms)
			CreateAndSetChildDomain (24ms)
		EndReloadAssembly (1153ms)
			LoadAssemblies (130ms)
			RebuildTransferFunctionScriptingTraits (0ms)
			SetupTypeCache (388ms)
			ReleaseScriptCaches (0ms)
			RebuildScriptCaches (58ms)
			SetupLoadedEditorAssemblies (449ms)
				LogAssemblyErrors (0ms)
				InitializePlatformSupportModulesInManaged (8ms)
				SetLoadedEditorAssemblies (1ms)
				RefreshPlugins (1ms)
				BeforeProcessingInitializeOnLoad (74ms)
				ProcessInitializeOnLoadAttributes (350ms)
				ProcessInitializeOnLoadMethodAttributes (11ms)
				AfterProcessingInitializeOnLoad (5ms)
				EditorAssembliesLoaded (0ms)
			ExecutionOrderSort2 (0ms)
			AwakeInstancesAfterBackupRestoration (8ms)
Platform modules already initialized, skipping
========================================================================
Worker process is ready to serve import requests
Launched and connected shader compiler UnityShaderCompiler.exe after 0.17 seconds
Refreshing native plugins compatible for Editor in 0.74 ms, found 2 plugins.
Preloading 0 native plugins for Editor in 0.00 ms.
Unloading 1556 Unused Serialized files (Serialized files now loaded: 0)
System memory in use before: 73.1 MB.
System memory in use after: 73.1 MB.

Unloading 19 unused Assets to reduce memory usage. Loaded Objects now: 1993.
Total: 3.577700 ms (FindLiveObjects: 0.175600 ms CreateObjectMapping: 0.058900 ms MarkObjects: 3.262500 ms  DeleteObjects: 0.079700 ms)

AssetImportParameters requested are different than current active one (requested -> active):
  custom:framework-win-MediaFoundation: 216162199b28c13a410421893ffa2e32 -> 
  custom:video-decoder-ogg-theora: a1e56fd34408186e4bbccfd4996cb3dc -> 
  custom:container-muxer-webm: aa71ff27fc2769a1b78a27578f13a17b -> 
  custom:container-demuxer-webm: 4f35f7cbe854078d1ac9338744f61a02 -> 
  custom:container-demuxer-ogg: 62fdf1f143b41e24485cea50d1cbac27 -> 
  custom:video-encoder-webm-vp8: eb34c28f22e8b96e1ab97ce403110664 -> 
  custom:video-codec-MediaFoundation-h265: 746d11721c4dcdbdad8f713fa42b33f4 -> 
  custom:video-decoder-webm-vp8: 9c59270c3fd7afecdb556c50c9e8de78 -> 
  custom:audio-decoder-ogg-vorbis: bf7c407c2cedff20999df2af8eb42d56 -> 
  custom:audio-encoder-webm-vorbis: bf7c407c2cedff20999df2af8eb42d56 -> 
========================================================================
Received Import Request.
  path: Assets/Art/Modular Pixel Forest/Materials/Textures/leaves point down snow.png
  artifactKey: Guid(5ba70415e9d80374baacb2450ca006a1) Importer(815301076,1909f56bfc062723c751e8b465ee728b)
Start importing Assets/Art/Modular Pixel Forest/Materials/Textures/leaves point down snow.png using Guid(5ba70415e9d80374baacb2450ca006a1) Importer(815301076,1909f56bfc062723c751e8b465ee728b)  -> (artifact id: '6133a7f5209623e3cb319dbcbe322c7f') in 0.187302 seconds 
  Import took 0.192386 seconds .

========================================================================
Received Import Request.
  Time since last request: 0.000349 seconds.
  path: Assets/Art/Modular Pixel Forest/Materials/Textures/leaves point up gold.png
  artifactKey: Guid(461c277ba84981c4097f3fb1523ad5b8) Importer(815301076,1909f56bfc062723c751e8b465ee728b)
Start importing Assets/Art/Modular Pixel Forest/Materials/Textures/leaves point up gold.png using Guid(461c277ba84981c4097f3fb1523ad5b8) Importer(815301076,1909f56bfc062723c751e8b465ee728b)  -> (artifact id: '49b57c8db0c279597dfbecc8cefbb4eb') in 0.031150 seconds 
  Import took 0.037564 seconds .

========================================================================
Received Import Request.
  Time since last request: 0.000309 seconds.
  path: Assets/Art/Modular Pixel Forest/Materials/Textures/crate snow.png
  artifactKey: Guid(af79ac8a365c7574ea6f77c82053ecfb) Importer(815301076,1909f56bfc062723c751e8b465ee728b)
Start importing Assets/Art/Modular Pixel Forest/Materials/Textures/crate snow.png using Guid(af79ac8a365c7574ea6f77c82053ecfb) Importer(815301076,1909f56bfc062723c751e8b465ee728b)  -> (artifact id: '46de4e64b276ae6642db17a816bc9b96') in 0.032710 seconds 
  Import took 0.038126 seconds .

========================================================================
Received Import Request.
  Time since last request: 0.000302 seconds.
  path: Assets/Art/Modular Pixel Forest/Materials/Textures/grass hill straight green.png
  artifactKey: Guid(e281cd2e2189eb941b42267ef53834c8) Importer(815301076,1909f56bfc062723c751e8b465ee728b)
Start importing Assets/Art/Modular Pixel Forest/Materials/Textures/grass hill straight green.png using Guid(e281cd2e2189eb941b42267ef53834c8) Importer(815301076,1909f56bfc062723c751e8b465ee728b)  -> (artifact id: '22b8aa570143e11c61d6aa0d28e91891') in 0.033998 seconds 
  Import took 0.039770 seconds .

========================================================================
Received Import Request.
  Time since last request: 0.000309 seconds.
  path: Assets/Art/Modular Pixel Forest/Materials/Props/_MAST_Thumbnails/Fence Rail.png
  artifactKey: Guid(3316c6f4d97f63342afebd5848a966bc) Importer(815301076,1909f56bfc062723c751e8b465ee728b)
Start importing Assets/Art/Modular Pixel Forest/Materials/Props/_MAST_Thumbnails/Fence Rail.png using Guid(3316c6f4d97f63342afebd5848a966bc) Importer(815301076,1909f56bfc062723c751e8b465ee728b)  -> (artifact id: 'd463b671d2b6c815f9b448fe665fffcb') in 0.035613 seconds 
  Import took 0.041063 seconds .

========================================================================
Received Import Request.
  Time since last request: 0.000389 seconds.
  path: Assets/Art/Modular Pixel Forest/Materials/Foliage/_MAST_Thumbnails/Leaves Point Up Red.png
  artifactKey: Guid(e170133dc6326d84280de35cc7020adb) Importer(815301076,1909f56bfc062723c751e8b465ee728b)
Start importing Assets/Art/Modular Pixel Forest/Materials/Foliage/_MAST_Thumbnails/Leaves Point Up Red.png using Guid(e170133dc6326d84280de35cc7020adb) Importer(815301076,1909f56bfc062723c751e8b465ee728b)  -> (artifact id: 'de4551ec53eb4ccf16e6ddaec64b0003') in 0.030456 seconds 
  Import took 0.035939 seconds .

========================================================================
Received Import Request.
  Time since last request: 0.000403 seconds.
  path: Assets/Art/Modular Pixel Forest/Materials/Textures/dirt block.png
  artifactKey: Guid(fc98f48e419d5eb419233031760004f7) Importer(815301076,1909f56bfc062723c751e8b465ee728b)
Start importing Assets/Art/Modular Pixel Forest/Materials/Textures/dirt block.png using Guid(fc98f48e419d5eb419233031760004f7) Importer(815301076,1909f56bfc062723c751e8b465ee728b)  -> (artifact id: '7139013ec4b5f6c2ebbf849c6df27d15') in 0.032741 seconds 
  Import took 0.038755 seconds .

========================================================================
Received Import Request.
  Time since last request: 0.000418 seconds.
  path: Assets/Art/Modular Pixel Forest/Materials/Foliage/_MAST_Thumbnails/Leaves Sphere Red.png
  artifactKey: Guid(5c2d749474c5c994bbfaba927574dfb7) Importer(815301076,1909f56bfc062723c751e8b465ee728b)
Start importing Assets/Art/Modular Pixel Forest/Materials/Foliage/_MAST_Thumbnails/Leaves Sphere Red.png using Guid(5c2d749474c5c994bbfaba927574dfb7) Importer(815301076,1909f56bfc062723c751e8b465ee728b)  -> (artifact id: 'bc8dfa99b0eca2dfebe7ccc198891cee') in 0.033808 seconds 
  Import took 0.040109 seconds .

========================================================================
Received Import Request.
  Time since last request: 0.000302 seconds.
  path: Assets/Art/Particlecollection_Free samples/Texture/rock_04.png
  artifactKey: Guid(0380d71e6f704f64a85ddb30cd95595f) Importer(815301076,1909f56bfc062723c751e8b465ee728b)
Start importing Assets/Art/Particlecollection_Free samples/Texture/rock_04.png using Guid(0380d71e6f704f64a85ddb30cd95595f) Importer(815301076,1909f56bfc062723c751e8b465ee728b)  -> (artifact id: '3839dfb8c6e99787e544f935f0ac7ebc') in 0.037552 seconds 
  Import took 0.042548 seconds .

========================================================================
Received Import Request.
  Time since last request: 0.000328 seconds.
  path: Assets/Art/Modular Pixel Forest/Materials/Textures/fence rail snow.png
  artifactKey: Guid(1582d47cfe52cb949bc3ae07c8aa4291) Importer(815301076,1909f56bfc062723c751e8b465ee728b)
Start importing Assets/Art/Modular Pixel Forest/Materials/Textures/fence rail snow.png using Guid(1582d47cfe52cb949bc3ae07c8aa4291) Importer(815301076,1909f56bfc062723c751e8b465ee728b)  -> (artifact id: 'be1937aa8fb1839a748ff1bfa331aefd') in 0.034754 seconds 
  Import took 0.039230 seconds .

========================================================================
Received Import Request.
  Time since last request: 0.000348 seconds.
  path: Assets/Art/Modular Pixel Forest/Materials/Textures/grass hill corner inner green.png
  artifactKey: Guid(d6b57daaf144a8c458c26ef8d3e53ef6) Importer(815301076,1909f56bfc062723c751e8b465ee728b)
Start importing Assets/Art/Modular Pixel Forest/Materials/Textures/grass hill corner inner green.png using Guid(d6b57daaf144a8c458c26ef8d3e53ef6) Importer(815301076,1909f56bfc062723c751e8b465ee728b)  -> (artifact id: '48614f2379251172ac46e3a4f409a02d') in 0.034124 seconds 
  Import took 0.039201 seconds .

========================================================================
Received Import Request.
  Time since last request: 0.000356 seconds.
  path: Assets/Art/Modular Pixel Forest/Materials/Textures/pillar bottom snow.png
  artifactKey: Guid(ccddbed62e45b8c4fafcff9d4d31eaec) Importer(815301076,1909f56bfc062723c751e8b465ee728b)
Start importing Assets/Art/Modular Pixel Forest/Materials/Textures/pillar bottom snow.png using Guid(ccddbed62e45b8c4fafcff9d4d31eaec) Importer(815301076,1909f56bfc062723c751e8b465ee728b)  -> (artifact id: '7aa053061eb375ea20f6503cecbfdded') in 0.033428 seconds 
  Import took 0.038966 seconds .

========================================================================
Received Import Request.
  Time since last request: 0.000292 seconds.
  path: Assets/Art/Modular Pixel Forest/Materials/Terrain/_MAST_Thumbnails/Grass Hill Corner Inner Snow.png
  artifactKey: Guid(d08201fd87e00b245ba312af690fd82e) Importer(815301076,1909f56bfc062723c751e8b465ee728b)
Start importing Assets/Art/Modular Pixel Forest/Materials/Terrain/_MAST_Thumbnails/Grass Hill Corner Inner Snow.png using Guid(d08201fd87e00b245ba312af690fd82e) Importer(815301076,1909f56bfc062723c751e8b465ee728b)  -> (artifact id: 'aa3bb61491c218154253c14cfd87dc1f') in 0.038690 seconds 
  Import took 0.043888 seconds .

========================================================================
Received Import Request.
  Time since last request: 0.000292 seconds.
  path: Assets/Art/Modular Pixel Forest/Materials/Textures/leaves point up green.png
  artifactKey: Guid(2d59faef01e644f47a40a56cdcdc6721) Importer(815301076,1909f56bfc062723c751e8b465ee728b)
Start importing Assets/Art/Modular Pixel Forest/Materials/Textures/leaves point up green.png using Guid(2d59faef01e644f47a40a56cdcdc6721) Importer(815301076,1909f56bfc062723c751e8b465ee728b)  -> (artifact id: '6fa0bf2dc464fad64d0c358745ad87be') in 0.033777 seconds 
  Import took 0.038994 seconds .

========================================================================
Received Import Request.
  Time since last request: 0.000401 seconds.
  path: Assets/Art/Particlecollection_Free samples/Texture/hit_02.png
  artifactKey: Guid(b20ede1b23768e44db15cb8c7c15e130) Importer(815301076,1909f56bfc062723c751e8b465ee728b)
Start importing Assets/Art/Particlecollection_Free samples/Texture/hit_02.png using Guid(b20ede1b23768e44db15cb8c7c15e130) Importer(815301076,1909f56bfc062723c751e8b465ee728b)  -> (artifact id: 'af54c3f86468dfe39ed9b16ba362f595') in 0.039811 seconds 
  Import took 0.044635 seconds .

========================================================================
Received Import Request.
  Time since last request: 0.000382 seconds.
  path: Assets/Art/Modular Pixel Forest/Materials/Textures/sign help.png
  artifactKey: Guid(8ba50edf2d77afb41be5aa7c7ec821a2) Importer(815301076,1909f56bfc062723c751e8b465ee728b)
Start importing Assets/Art/Modular Pixel Forest/Materials/Textures/sign help.png using Guid(8ba50edf2d77afb41be5aa7c7ec821a2) Importer(815301076,1909f56bfc062723c751e8b465ee728b)  -> (artifact id: '3947c07d755ec7df5416b60ae8cd392d') in 0.039085 seconds 
  Import took 0.044293 seconds .

========================================================================
Received Import Request.
  Time since last request: 0.000302 seconds.
  path: Assets/Art/Modular Pixel Forest/Materials/Foliage/_MAST_Thumbnails/Leaves Sphere Snow.png
  artifactKey: Guid(3a89b656b03198a48bce53bfc01376a4) Importer(815301076,1909f56bfc062723c751e8b465ee728b)
Start importing Assets/Art/Modular Pixel Forest/Materials/Foliage/_MAST_Thumbnails/Leaves Sphere Snow.png using Guid(3a89b656b03198a48bce53bfc01376a4) Importer(815301076,1909f56bfc062723c751e8b465ee728b)  -> (artifact id: 'abe86d3dee351c724511d58651a97038') in 0.036227 seconds 
  Import took 0.041146 seconds .

========================================================================
Received Import Request.
  Time since last request: 0.000286 seconds.
  path: Assets/Art/Modular Pixel Forest/Materials/Textures/leaves sphere green.png
  artifactKey: Guid(c0d9b47d2f5461c4cac6fe24844041dd) Importer(815301076,1909f56bfc062723c751e8b465ee728b)
Start importing Assets/Art/Modular Pixel Forest/Materials/Textures/leaves sphere green.png using Guid(c0d9b47d2f5461c4cac6fe24844041dd) Importer(815301076,1909f56bfc062723c751e8b465ee728b)  -> (artifact id: '10af0bd42ec96faf739a139521008c43') in 0.037522 seconds 
  Import took 0.042216 seconds .

========================================================================
Received Import Request.
  Time since last request: 0.000275 seconds.
  path: Assets/Textures/SimpleGameMap.png
  artifactKey: Guid(1c920f48da562d34b9325d363be949b6) Importer(815301076,1909f56bfc062723c751e8b465ee728b)
Start importing Assets/Textures/SimpleGameMap.png using Guid(1c920f48da562d34b9325d363be949b6) Importer(815301076,1909f56bfc062723c751e8b465ee728b)  -> (artifact id: 'f75ff990cf5c16672bab210d1fc4e1a4') in 0.102780 seconds 
  Import took 0.107845 seconds .

========================================================================
Received Import Request.
  Time since last request: 0.000400 seconds.
  path: Assets/Art/Modular Pixel Forest/Materials/Textures/pillar center link.png
  artifactKey: Guid(b0da0601d783e5742b4519a964e98e3d) Importer(815301076,1909f56bfc062723c751e8b465ee728b)
Start importing Assets/Art/Modular Pixel Forest/Materials/Textures/pillar center link.png using Guid(b0da0601d783e5742b4519a964e98e3d) Importer(815301076,1909f56bfc062723c751e8b465ee728b)  -> (artifact id: '0dfb474e26339b1f1ac98067a46ba99b') in 0.036231 seconds 
  Import took 0.041937 seconds .

========================================================================
Received Import Request.
  Time since last request: 0.000394 seconds.
  path: Assets/Art/Modular Pixel Forest/Materials/Textures/pillar center.png
  artifactKey: Guid(67314a9cb0803724aac5090b7a1643df) Importer(815301076,1909f56bfc062723c751e8b465ee728b)
Start importing Assets/Art/Modular Pixel Forest/Materials/Textures/pillar center.png using Guid(67314a9cb0803724aac5090b7a1643df) Importer(815301076,1909f56bfc062723c751e8b465ee728b)  -> (artifact id: 'a2cc9b3f619d44c34a107ddaa429be78') in 0.037606 seconds 
  Import took 0.044374 seconds .

========================================================================
Received Import Request.
  Time since last request: 0.000378 seconds.
  path: Assets/Art/Modular Pixel Forest/Materials/Foliage/_MAST_Thumbnails/Leaves Point Down Green.png
  artifactKey: Guid(c95e478bceaa40e4fbfed2f0f2f0e14c) Importer(815301076,1909f56bfc062723c751e8b465ee728b)
Start importing Assets/Art/Modular Pixel Forest/Materials/Foliage/_MAST_Thumbnails/Leaves Point Down Green.png using Guid(c95e478bceaa40e4fbfed2f0f2f0e14c) Importer(815301076,1909f56bfc062723c751e8b465ee728b)  -> (artifact id: '0bfe126b4cf4be2779212394d656f4c1') in 0.045099 seconds 
  Import took 0.049892 seconds .

========================================================================
Received Import Request.
  Time since last request: 0.000295 seconds.
  path: Assets/Art/Particlecollection_Free samples/Texture/star_02.png
  artifactKey: Guid(353708b27c4e0bf4b90186ea79227ece) Importer(815301076,1909f56bfc062723c751e8b465ee728b)
Start importing Assets/Art/Particlecollection_Free samples/Texture/star_02.png using Guid(353708b27c4e0bf4b90186ea79227ece) Importer(815301076,1909f56bfc062723c751e8b465ee728b)  -> (artifact id: '1d6b18924b29fe64398abab6dfac3ee7') in 0.038258 seconds 
  Import took 0.043082 seconds .

========================================================================
Received Import Request.
  Time since last request: 0.000376 seconds.
  path: Assets/Art/Modular Pixel Forest/Materials/Temple/_MAST_Thumbnails/Pillar Bottom Snow.png
  artifactKey: Guid(15af1cadb433c2b43ab65dfe37855ceb) Importer(815301076,1909f56bfc062723c751e8b465ee728b)
Start importing Assets/Art/Modular Pixel Forest/Materials/Temple/_MAST_Thumbnails/Pillar Bottom Snow.png using Guid(15af1cadb433c2b43ab65dfe37855ceb) Importer(815301076,1909f56bfc062723c751e8b465ee728b)  -> (artifact id: '71ae9c5aa13f6c8bf884da105b6ab002') in 0.039889 seconds 
  Import took 0.044526 seconds .

========================================================================
Received Import Request.
  Time since last request: 0.000454 seconds.
  path: Assets/Art/Modular Pixel Forest/Materials/Textures/fence post snow.png
  artifactKey: Guid(277e27749171f214cabcc9d21d6a2833) Importer(815301076,1909f56bfc062723c751e8b465ee728b)
Start importing Assets/Art/Modular Pixel Forest/Materials/Textures/fence post snow.png using Guid(277e27749171f214cabcc9d21d6a2833) Importer(815301076,1909f56bfc062723c751e8b465ee728b)  -> (artifact id: 'ceb9457d8675407ce56263ceb45c7db4') in 0.037881 seconds 
  Import took 0.043136 seconds .

========================================================================
Received Import Request.
  Time since last request: 0.000388 seconds.
  path: Assets/Art/Modular Pixel Forest/Materials/Terrain/_MAST_Thumbnails/Grass Hill Corner Outer Fall.png
  artifactKey: Guid(9597fb8a93078f542be0ef99391295b9) Importer(815301076,1909f56bfc062723c751e8b465ee728b)
Start importing Assets/Art/Modular Pixel Forest/Materials/Terrain/_MAST_Thumbnails/Grass Hill Corner Outer Fall.png using Guid(9597fb8a93078f542be0ef99391295b9) Importer(815301076,1909f56bfc062723c751e8b465ee728b)  -> (artifact id: 'f4de0730657174bf5fa8332a10d85e98') in 0.039916 seconds 
  Import took 0.044628 seconds .

========================================================================
Received Import Request.
  Time since last request: 0.000437 seconds.
  path: Assets/Art/Modular Pixel Forest/Materials/Textures/leaves sphere pink.png
  artifactKey: Guid(6964d4fb65e54394088943362dab12f2) Importer(815301076,1909f56bfc062723c751e8b465ee728b)
Start importing Assets/Art/Modular Pixel Forest/Materials/Textures/leaves sphere pink.png using Guid(6964d4fb65e54394088943362dab12f2) Importer(815301076,1909f56bfc062723c751e8b465ee728b)  -> (artifact id: 'f8c998f6bd08e178c1a453369535c32d') in 0.039773 seconds 
  Import took 0.046054 seconds .

========================================================================
Received Import Request.
  Time since last request: 0.000430 seconds.
  path: Assets/Art/Modular Pixel Forest/Materials/Textures/dirt ramp snow.png
  artifactKey: Guid(0f8ea2f8a4630c74b9bbd6e266fa5c26) Importer(815301076,1909f56bfc062723c751e8b465ee728b)
Start importing Assets/Art/Modular Pixel Forest/Materials/Textures/dirt ramp snow.png using Guid(0f8ea2f8a4630c74b9bbd6e266fa5c26) Importer(815301076,1909f56bfc062723c751e8b465ee728b)  -> (artifact id: '8103244efaf8e1745f98e9d4b724b4c2') in 0.038939 seconds 
  Import took 0.044149 seconds .

========================================================================
Received Import Request.
  Time since last request: 0.000346 seconds.
  path: Assets/Art/Modular Pixel Forest/Materials/Terrain/_MAST_Thumbnails/Dirt Block Snow.png
  artifactKey: Guid(dacbd8edd2b017c4e8aaf8ce8c18fdff) Importer(815301076,1909f56bfc062723c751e8b465ee728b)
Start importing Assets/Art/Modular Pixel Forest/Materials/Terrain/_MAST_Thumbnails/Dirt Block Snow.png using Guid(dacbd8edd2b017c4e8aaf8ce8c18fdff) Importer(815301076,1909f56bfc062723c751e8b465ee728b)  -> (artifact id: 'e0ecf36c3c4fa01843491cfeda4dffb4') in 0.042024 seconds 
  Import took 0.046997 seconds .

========================================================================
Received Import Request.
  Time since last request: 0.000395 seconds.
  path: Assets/Art/Modular Pixel Forest/Materials/Terrain/_MAST_Thumbnails/Grass Hill Corner Inner Fall.png
  artifactKey: Guid(10385902d95301c40b72165ee7138565) Importer(815301076,1909f56bfc062723c751e8b465ee728b)
Start importing Assets/Art/Modular Pixel Forest/Materials/Terrain/_MAST_Thumbnails/Grass Hill Corner Inner Fall.png using Guid(10385902d95301c40b72165ee7138565) Importer(815301076,1909f56bfc062723c751e8b465ee728b)  -> (artifact id: '6e2faa4a84342f33153ba709ddaaa74a') in 0.043160 seconds 
  Import took 0.048343 seconds .

========================================================================
Received Import Request.
  Time since last request: 0.000440 seconds.
  path: Assets/Art/Modular Pixel Forest/Materials/Textures/grass hill straight fall.png
  artifactKey: Guid(4ac66436d069f8f4fa9a6380cec98fd3) Importer(815301076,1909f56bfc062723c751e8b465ee728b)
Start importing Assets/Art/Modular Pixel Forest/Materials/Textures/grass hill straight fall.png using Guid(4ac66436d069f8f4fa9a6380cec98fd3) Importer(815301076,1909f56bfc062723c751e8b465ee728b)  -> (artifact id: 'd6b918dd00c819810876edd468f626f4') in 0.042702 seconds 
  Import took 0.049183 seconds .

========================================================================
Received Import Request.
  Time since last request: 0.000338 seconds.
  path: Assets/Art/Modular Pixel Forest/Materials/Textures/grass block snow.png
  artifactKey: Guid(c18650c9f7dbc6946a04bb122a965afa) Importer(815301076,1909f56bfc062723c751e8b465ee728b)
Start importing Assets/Art/Modular Pixel Forest/Materials/Textures/grass block snow.png using Guid(c18650c9f7dbc6946a04bb122a965afa) Importer(815301076,1909f56bfc062723c751e8b465ee728b)  -> (artifact id: '652e2681b3be12cf913f72c06664425a') in 0.038669 seconds 
  Import took 0.044708 seconds .

========================================================================
Received Import Request.
  Time since last request: 0.000416 seconds.
  path: Assets/Art/Modular Pixel Forest/Materials/Textures/dirt block center.png
  artifactKey: Guid(32d07a062d2d4584ab2e41d227324a7f) Importer(815301076,1909f56bfc062723c751e8b465ee728b)
Start importing Assets/Art/Modular Pixel Forest/Materials/Textures/dirt block center.png using Guid(32d07a062d2d4584ab2e41d227324a7f) Importer(815301076,1909f56bfc062723c751e8b465ee728b)  -> (artifact id: '1c7b7f5eae210600191017805bf164b6') in 0.036970 seconds 
  Import took 0.042473 seconds .

========================================================================
Received Import Request.
  Time since last request: 0.000383 seconds.
  path: Assets/Art/Modular Pixel Forest/Materials/Textures/dirt block snow.png
  artifactKey: Guid(77feb19dd7a90e44c9cb7592c452c2bf) Importer(815301076,1909f56bfc062723c751e8b465ee728b)
Start importing Assets/Art/Modular Pixel Forest/Materials/Textures/dirt block snow.png using Guid(77feb19dd7a90e44c9cb7592c452c2bf) Importer(815301076,1909f56bfc062723c751e8b465ee728b)  -> (artifact id: '1eb9bf93f2442c4c91e2281113bb956c') in 0.041078 seconds 
  Import took 0.047437 seconds .

========================================================================
Received Import Request.
  Time since last request: 0.000446 seconds.
  path: Assets/Art/Modular Pixel Forest/Materials/Textures/grass block green.png
  artifactKey: Guid(51c8b13f8c077f94f9808a2fa4c031da) Importer(815301076,1909f56bfc062723c751e8b465ee728b)
Start importing Assets/Art/Modular Pixel Forest/Materials/Textures/grass block green.png using Guid(51c8b13f8c077f94f9808a2fa4c031da) Importer(815301076,1909f56bfc062723c751e8b465ee728b)  -> (artifact id: '51c3b378516923f773e8f5bf25ef5add') in 0.038601 seconds 
  Import took 0.043658 seconds .

========================================================================
Received Import Request.
  Time since last request: 0.000443 seconds.
  path: Assets/Art/Modular Pixel Forest/Materials/Textures/fence rail.png
  artifactKey: Guid(b9eab6eb674cf6243b2b209d13f6edea) Importer(815301076,1909f56bfc062723c751e8b465ee728b)
Start importing Assets/Art/Modular Pixel Forest/Materials/Textures/fence rail.png using Guid(b9eab6eb674cf6243b2b209d13f6edea) Importer(815301076,1909f56bfc062723c751e8b465ee728b)  -> (artifact id: '815cbdcfddba6347ae48052df08608fe') in 0.037399 seconds 
  Import took 0.043178 seconds .

========================================================================
Received Import Request.
  Time since last request: 0.000509 seconds.
  path: Assets/Art/Modular Pixel Forest/Materials/Textures/leaves point down pink.png
  artifactKey: Guid(6f10e5d18477e504ca974a177ea64eef) Importer(815301076,1909f56bfc062723c751e8b465ee728b)
Start importing Assets/Art/Modular Pixel Forest/Materials/Textures/leaves point down pink.png using Guid(6f10e5d18477e504ca974a177ea64eef) Importer(815301076,1909f56bfc062723c751e8b465ee728b)  -> (artifact id: '89f954e1332abaf3dcba4eb05e4cbe6e') in 0.039603 seconds 
  Import took 0.044903 seconds .

========================================================================
Received Import Request.
  Time since last request: 0.000410 seconds.
  path: Assets/Art/Modular Pixel Forest/Materials/Textures/temple block center snow.png
  artifactKey: Guid(486c738e3eb85dc4c88a714f33d22697) Importer(815301076,1909f56bfc062723c751e8b465ee728b)
Start importing Assets/Art/Modular Pixel Forest/Materials/Textures/temple block center snow.png using Guid(486c738e3eb85dc4c88a714f33d22697) Importer(815301076,1909f56bfc062723c751e8b465ee728b)  -> (artifact id: 'bdfa51a9e50a8b840ab7a98470297641') in 0.037237 seconds 
  Import took 0.042884 seconds .

========================================================================
Received Import Request.
  Time since last request: 0.000422 seconds.
  path: Assets/Art/Modular Pixel Forest/Materials/Terrain/_MAST_Thumbnails/Grass Block Fall.png
  artifactKey: Guid(e8b22a9458e77484898d8346f181730b) Importer(815301076,1909f56bfc062723c751e8b465ee728b)
Start importing Assets/Art/Modular Pixel Forest/Materials/Terrain/_MAST_Thumbnails/Grass Block Fall.png using Guid(e8b22a9458e77484898d8346f181730b) Importer(815301076,1909f56bfc062723c751e8b465ee728b)  -> (artifact id: '61b46f3bcecf76f41fd215ea2088d782') in 0.044245 seconds 
  Import took 0.050238 seconds .

========================================================================
Received Import Request.
  Time since last request: 0.000423 seconds.
  path: Assets/Art/Modular Pixel Forest/Materials/Textures/pillar snake.png
  artifactKey: Guid(f79bcf2a367093e43bc03f7b3f88ad29) Importer(815301076,1909f56bfc062723c751e8b465ee728b)
Start importing Assets/Art/Modular Pixel Forest/Materials/Textures/pillar snake.png using Guid(f79bcf2a367093e43bc03f7b3f88ad29) Importer(815301076,1909f56bfc062723c751e8b465ee728b)  -> (artifact id: '7628663bd763a6ef71eb612beb830cbd') in 0.042335 seconds 
  Import took 0.048102 seconds .

========================================================================
Received Import Request.
  Time since last request: 0.000403 seconds.
  path: Assets/Art/Modular Pixel Forest/Materials/Textures/leaves point up snow.png
  artifactKey: Guid(993da0773bda1da48bfb89c77033599e) Importer(815301076,1909f56bfc062723c751e8b465ee728b)
Start importing Assets/Art/Modular Pixel Forest/Materials/Textures/leaves point up snow.png using Guid(993da0773bda1da48bfb89c77033599e) Importer(815301076,1909f56bfc062723c751e8b465ee728b)  -> (artifact id: '2424b57bd46f7f93d6b0e0c49556d85b') in 0.045169 seconds 
  Import took 0.049881 seconds .

========================================================================
Received Import Request.
  Time since last request: 0.000367 seconds.
  path: Assets/Art/Modular Pixel Forest/Materials/Textures/pillar base snow.png
  artifactKey: Guid(a5655fd3ba5601b4390aa9d34a9d1891) Importer(815301076,1909f56bfc062723c751e8b465ee728b)
Start importing Assets/Art/Modular Pixel Forest/Materials/Textures/pillar base snow.png using Guid(a5655fd3ba5601b4390aa9d34a9d1891) Importer(815301076,1909f56bfc062723c751e8b465ee728b)  -> (artifact id: 'deb9350491ff45ea916f44b8cb6e1108') in 0.041097 seconds 
  Import took 0.046166 seconds .

========================================================================
Received Import Request.
  Time since last request: 0.000316 seconds.
  path: Assets/Art/Modular Pixel Forest/Materials/Props/_MAST_Thumbnails/Crate Snow.png
  artifactKey: Guid(2111413b720ee1c469a63328d6f9a278) Importer(815301076,1909f56bfc062723c751e8b465ee728b)
Start importing Assets/Art/Modular Pixel Forest/Materials/Props/_MAST_Thumbnails/Crate Snow.png using Guid(2111413b720ee1c469a63328d6f9a278) Importer(815301076,1909f56bfc062723c751e8b465ee728b)  -> (artifact id: 'e8ed86b3a4d2c3bbe1be0e98b0e782dc') in 0.043377 seconds 
  Import took 0.049469 seconds .

========================================================================
Received Import Request.
  Time since last request: 0.000427 seconds.
  path: Assets/Art/Modular Pixel Forest/Materials/Terrain/_MAST_Thumbnails/Grass Hill Corner Inner Green.png
  artifactKey: Guid(b5aff8aa39c21684b99ac87df52b09dd) Importer(815301076,1909f56bfc062723c751e8b465ee728b)
Start importing Assets/Art/Modular Pixel Forest/Materials/Terrain/_MAST_Thumbnails/Grass Hill Corner Inner Green.png using Guid(b5aff8aa39c21684b99ac87df52b09dd) Importer(815301076,1909f56bfc062723c751e8b465ee728b)  -> (artifact id: '79e22107fe4c795bf097868c71179116') in 0.042863 seconds 
  Import took 0.048697 seconds .

========================================================================
Received Import Request.
  Time since last request: 0.000490 seconds.
  path: Assets/Art/Modular Pixel Forest/Materials/Foliage/_MAST_Thumbnails/Leaves Sphere Green.png
  artifactKey: Guid(ca33cd04028dd3f48a2a41188fead8a2) Importer(815301076,1909f56bfc062723c751e8b465ee728b)
Start importing Assets/Art/Modular Pixel Forest/Materials/Foliage/_MAST_Thumbnails/Leaves Sphere Green.png using Guid(ca33cd04028dd3f48a2a41188fead8a2) Importer(815301076,1909f56bfc062723c751e8b465ee728b)  -> (artifact id: 'e17acc7c12a47ce5edcb818667370350') in 0.041767 seconds 
  Import took 0.048649 seconds .

========================================================================
Received Import Request.
  Time since last request: 0.000442 seconds.
  path: Assets/Art/Modular Pixel Forest/Materials/Terrain/_MAST_Thumbnails/Grass Hill Straight Fall.png
  artifactKey: Guid(f5daf4b752302874dbe73c26b3ef8b73) Importer(815301076,1909f56bfc062723c751e8b465ee728b)
Start importing Assets/Art/Modular Pixel Forest/Materials/Terrain/_MAST_Thumbnails/Grass Hill Straight Fall.png using Guid(f5daf4b752302874dbe73c26b3ef8b73) Importer(815301076,1909f56bfc062723c751e8b465ee728b)  -> (artifact id: '45db53575c912d26bbfdae86a12f9a5b') in 0.043205 seconds 
  Import took 0.049179 seconds .

========================================================================
Received Import Request.
  Time since last request: 0.000182 seconds.
  path: Assets/Art/Modular Pixel Forest/Materials/Foliage/_MAST_Thumbnails/Leaves Point Down Snow.png
  artifactKey: Guid(c63f413cf78651e4386af323981a3b0f) Importer(815301076,1909f56bfc062723c751e8b465ee728b)
Start importing Assets/Art/Modular Pixel Forest/Materials/Foliage/_MAST_Thumbnails/Leaves Point Down Snow.png using Guid(c63f413cf78651e4386af323981a3b0f) Importer(815301076,1909f56bfc062723c751e8b465ee728b)  -> (artifact id: '7caab8dbc7ff496e6dd39546e6190b9a') in 0.041944 seconds 
  Import took 0.047614 seconds .

========================================================================
Received Import Request.
  Time since last request: 0.000456 seconds.
  path: Assets/Art/Modular Pixel Forest/Materials/Textures/temple block center.png
  artifactKey: Guid(675c698034320b04a9b2ed14af472cf5) Importer(815301076,1909f56bfc062723c751e8b465ee728b)
Start importing Assets/Art/Modular Pixel Forest/Materials/Textures/temple block center.png using Guid(675c698034320b04a9b2ed14af472cf5) Importer(815301076,1909f56bfc062723c751e8b465ee728b)  -> (artifact id: 'd6e0936865aa4c2bb10565e798e1fe7f') in 0.039880 seconds 
  Import took 0.045808 seconds .

========================================================================
Received Import Request.
  Time since last request: 0.000448 seconds.
  path: Assets/Art/Modular Pixel Forest/Materials/Temple/_MAST_Thumbnails/Temple Block Center.png
  artifactKey: Guid(374167b4beace1e468c450822af500bd) Importer(815301076,1909f56bfc062723c751e8b465ee728b)
Start importing Assets/Art/Modular Pixel Forest/Materials/Temple/_MAST_Thumbnails/Temple Block Center.png using Guid(374167b4beace1e468c450822af500bd) Importer(815301076,1909f56bfc062723c751e8b465ee728b)  -> (artifact id: 'd8c47e57e0c938baddf582029f571ba4') in 0.043101 seconds 
  Import took 0.049551 seconds .

========================================================================
Received Import Request.
  Time since last request: 0.000382 seconds.
  path: Assets/Art/Modular Pixel Forest/Materials/Terrain/_MAST_Thumbnails/Grass Hill Corner Outer Snow.png
  artifactKey: Guid(e19370d50b75ae4419399146ed7ca553) Importer(815301076,1909f56bfc062723c751e8b465ee728b)
Start importing Assets/Art/Modular Pixel Forest/Materials/Terrain/_MAST_Thumbnails/Grass Hill Corner Outer Snow.png using Guid(e19370d50b75ae4419399146ed7ca553) Importer(815301076,1909f56bfc062723c751e8b465ee728b)  -> (artifact id: '0aecf8b61e28c0a97574c87b68b7b78e') in 0.045655 seconds 
  Import took 0.052222 seconds .

========================================================================
Received Import Request.
  Time since last request: 0.000423 seconds.
  path: Assets/Art/Modular Pixel Forest/Materials/Temple/_MAST_Thumbnails/Pillar Monkey.png
  artifactKey: Guid(a4b7ea17841797143af966dd0f92a465) Importer(815301076,1909f56bfc062723c751e8b465ee728b)
Start importing Assets/Art/Modular Pixel Forest/Materials/Temple/_MAST_Thumbnails/Pillar Monkey.png using Guid(a4b7ea17841797143af966dd0f92a465) Importer(815301076,1909f56bfc062723c751e8b465ee728b)  -> (artifact id: '8cad476e9951dd68c4de3ba8ef280fcc') in 0.040277 seconds 
  Import took 0.045471 seconds .

========================================================================
Received Import Request.
  Time since last request: 0.000421 seconds.
  path: Assets/Art/Modular Pixel Forest/Materials/Temple/_MAST_Thumbnails/Pillar Snake.png
  artifactKey: Guid(fd452751438d598478a440f1bae59930) Importer(815301076,1909f56bfc062723c751e8b465ee728b)
Start importing Assets/Art/Modular Pixel Forest/Materials/Temple/_MAST_Thumbnails/Pillar Snake.png using Guid(fd452751438d598478a440f1bae59930) Importer(815301076,1909f56bfc062723c751e8b465ee728b)  -> (artifact id: 'aaf36d5b3a8a1374cbe6fd5ff4f46253') in 0.040790 seconds 
  Import took 0.045465 seconds .

========================================================================
Received Import Request.
  Time since last request: 0.000418 seconds.
  path: Assets/Art/Modular Pixel Forest/Materials/Temple/_MAST_Thumbnails/Temple Steps.png
  artifactKey: Guid(62759f664d3776c4cb421c2a5772b972) Importer(815301076,1909f56bfc062723c751e8b465ee728b)
Start importing Assets/Art/Modular Pixel Forest/Materials/Temple/_MAST_Thumbnails/Temple Steps.png using Guid(62759f664d3776c4cb421c2a5772b972) Importer(815301076,1909f56bfc062723c751e8b465ee728b)  -> (artifact id: '5df37eed3b8cbaeb235c4c2d4b8100f2') in 0.041541 seconds 
  Import took 0.046982 seconds .

========================================================================
Received Import Request.
  Time since last request: 0.000485 seconds.
  path: Assets/Art/Modular Pixel Forest/Materials/Foliage/_MAST_Thumbnails/Leaves Point Up Snow.png
  artifactKey: Guid(80a1b76b75bee154b8b1bea7bb73e815) Importer(815301076,1909f56bfc062723c751e8b465ee728b)
Start importing Assets/Art/Modular Pixel Forest/Materials/Foliage/_MAST_Thumbnails/Leaves Point Up Snow.png using Guid(80a1b76b75bee154b8b1bea7bb73e815) Importer(815301076,1909f56bfc062723c751e8b465ee728b)  -> (artifact id: '76e11c431c9caf99824de3556670b1a4') in 0.038097 seconds 
  Import took 0.043968 seconds .

========================================================================
Received Import Request.
  Time since last request: 0.000443 seconds.
  path: Assets/Art/Modular Pixel Forest/Materials/Temple/_MAST_Thumbnails/Pillar Top Snow.png
  artifactKey: Guid(b439263caba86864eb5e996239be3d1f) Importer(815301076,1909f56bfc062723c751e8b465ee728b)
Start importing Assets/Art/Modular Pixel Forest/Materials/Temple/_MAST_Thumbnails/Pillar Top Snow.png using Guid(b439263caba86864eb5e996239be3d1f) Importer(815301076,1909f56bfc062723c751e8b465ee728b)  -> (artifact id: 'd7a6ff4c167fa2d4da4481c3155f0498') in 0.040639 seconds 
  Import took 0.045715 seconds .

========================================================================
Received Import Request.
  Time since last request: 0.000317 seconds.
  path: Assets/Art/Modular Pixel Forest/Materials/Textures/grass hill corner outer fall.png
  artifactKey: Guid(bfc8bd211490dca4a8717088876b411a) Importer(815301076,1909f56bfc062723c751e8b465ee728b)
Start importing Assets/Art/Modular Pixel Forest/Materials/Textures/grass hill corner outer fall.png using Guid(bfc8bd211490dca4a8717088876b411a) Importer(815301076,1909f56bfc062723c751e8b465ee728b)  -> (artifact id: '9c879e36fd6c4a26b70ce8dd5862b245') in 0.043959 seconds 
  Import took 0.049596 seconds .

========================================================================
Received Import Request.
  Time since last request: 0.000326 seconds.
  path: Assets/Art/Particlecollection_Free samples/Texture/power_03.png
  artifactKey: Guid(ee8be02e261755e4883215de2e113e0d) Importer(815301076,1909f56bfc062723c751e8b465ee728b)
Start importing Assets/Art/Particlecollection_Free samples/Texture/power_03.png using Guid(ee8be02e261755e4883215de2e113e0d) Importer(815301076,1909f56bfc062723c751e8b465ee728b)  -> (artifact id: '1d8691928f9e406f27d4fa452634ab60') in 0.058744 seconds 
  Import took 0.063922 seconds .

========================================================================
Received Import Request.
  Time since last request: 0.000331 seconds.
  path: Assets/Art/Modular Pixel Forest/Materials/Foliage/_MAST_Thumbnails/Leaves Point Up Gold.png
  artifactKey: Guid(ec641608ec8392747a31f3a20ca6f245) Importer(815301076,1909f56bfc062723c751e8b465ee728b)
Start importing Assets/Art/Modular Pixel Forest/Materials/Foliage/_MAST_Thumbnails/Leaves Point Up Gold.png using Guid(ec641608ec8392747a31f3a20ca6f245) Importer(815301076,1909f56bfc062723c751e8b465ee728b)  -> (artifact id: '59347729ba98080d6a06ea39c374338d') in 0.041771 seconds 
  Import took 0.047141 seconds .

========================================================================
Received Import Request.
  Time since last request: 0.000334 seconds.
  path: Assets/Art/Modular Pixel Forest/Materials/Terrain/_MAST_Thumbnails/Grass Block Green.png
  artifactKey: Guid(ba1a3b16365b7c046a3be5958808c7dd) Importer(815301076,1909f56bfc062723c751e8b465ee728b)
Start importing Assets/Art/Modular Pixel Forest/Materials/Terrain/_MAST_Thumbnails/Grass Block Green.png using Guid(ba1a3b16365b7c046a3be5958808c7dd) Importer(815301076,1909f56bfc062723c751e8b465ee728b)  -> (artifact id: 'a158ec28b2d9518b6c27fd3d9cc64339') in 0.041448 seconds 
  Import took 0.046511 seconds .

========================================================================
Received Import Request.
  Time since last request: 0.000339 seconds.
  path: Assets/Art/Modular Pixel Forest/Materials/Terrain/_MAST_Thumbnails/Grass Hill Straight Green.png
  artifactKey: Guid(6babcc4c65279f044b1ee81d519261e1) Importer(815301076,1909f56bfc062723c751e8b465ee728b)
Start importing Assets/Art/Modular Pixel Forest/Materials/Terrain/_MAST_Thumbnails/Grass Hill Straight Green.png using Guid(6babcc4c65279f044b1ee81d519261e1) Importer(815301076,1909f56bfc062723c751e8b465ee728b)  -> (artifact id: '273d5aa32b1dd33d00ebb3ac12c8ed0e') in 0.040323 seconds 
  Import took 0.045850 seconds .

========================================================================
Received Import Request.
  Time since last request: 0.000418 seconds.
  path: Assets/Art/Particlecollection_Free samples/Texture/power_01.png
  artifactKey: Guid(fa0c7416c0e0db341853a137b5c6bcd6) Importer(815301076,1909f56bfc062723c751e8b465ee728b)
Start importing Assets/Art/Particlecollection_Free samples/Texture/power_01.png using Guid(fa0c7416c0e0db341853a137b5c6bcd6) Importer(815301076,1909f56bfc062723c751e8b465ee728b)  -> (artifact id: 'b8ae4f5e33b5b799dea96bb73d778b13') in 0.040631 seconds 
  Import took 0.046732 seconds .

========================================================================
Received Import Request.
  Time since last request: 0.000608 seconds.
  path: Assets/Art/Modular Pixel Forest/Materials/Props/_MAST_Thumbnails/Fence Post Snow.png
  artifactKey: Guid(05168ac1dc00c18458987ebc369409f7) Importer(815301076,1909f56bfc062723c751e8b465ee728b)
Start importing Assets/Art/Modular Pixel Forest/Materials/Props/_MAST_Thumbnails/Fence Post Snow.png using Guid(05168ac1dc00c18458987ebc369409f7) Importer(815301076,1909f56bfc062723c751e8b465ee728b)  -> (artifact id: '9cbc79f0615b330a73546d358a39d26f') in 0.042296 seconds 
  Import took 0.048828 seconds .

========================================================================
Received Import Request.
  Time since last request: 0.000348 seconds.
  path: Assets/Art/Particlecollection_Free samples/Texture/star_01.png
  artifactKey: Guid(e4288234861fa2e4fbc6a0fbec1269dd) Importer(815301076,1909f56bfc062723c751e8b465ee728b)
Start importing Assets/Art/Particlecollection_Free samples/Texture/star_01.png using Guid(e4288234861fa2e4fbc6a0fbec1269dd) Importer(815301076,1909f56bfc062723c751e8b465ee728b)  -> (artifact id: '3e2b05b8ebd586a0bdb7f7d8d69f017b') in 0.044128 seconds 
  Import took 0.050621 seconds .

========================================================================
Received Import Request.
  Time since last request: 0.000515 seconds.
  path: Assets/Art/Modular Pixel Forest/Materials/Textures/temple block.png
  artifactKey: Guid(316eaba8445d8384b8ceca09fab4571a) Importer(815301076,1909f56bfc062723c751e8b465ee728b)
Start importing Assets/Art/Modular Pixel Forest/Materials/Textures/temple block.png using Guid(316eaba8445d8384b8ceca09fab4571a) Importer(815301076,1909f56bfc062723c751e8b465ee728b)  -> (artifact id: '8bf49ecb829ce83d96837f2dd45a53ed') in 0.039375 seconds 
  Import took 0.044849 seconds .

========================================================================
Received Import Request.
  Time since last request: 0.000363 seconds.
  path: Assets/Art/Modular Pixel Forest/Materials/Terrain/_MAST_Thumbnails/Grass Hill Corner Outer Green.png
  artifactKey: Guid(58f1280ce18236a4385ccdded10d1763) Importer(815301076,1909f56bfc062723c751e8b465ee728b)
Start importing Assets/Art/Modular Pixel Forest/Materials/Terrain/_MAST_Thumbnails/Grass Hill Corner Outer Green.png using Guid(58f1280ce18236a4385ccdded10d1763) Importer(815301076,1909f56bfc062723c751e8b465ee728b)  -> (artifact id: '7d887517d21fac41c5ab9795d08d96c5') in 0.044197 seconds 
  Import took 0.049276 seconds .

========================================================================
Received Import Request.
  Time since last request: 0.000398 seconds.
  path: Assets/Art/Modular Pixel Forest/Materials/Temple/_MAST_Thumbnails/Temple Block Snow.png
  artifactKey: Guid(20d2c6697517b4e4aad8afa95d5b2757) Importer(815301076,1909f56bfc062723c751e8b465ee728b)
Start importing Assets/Art/Modular Pixel Forest/Materials/Temple/_MAST_Thumbnails/Temple Block Snow.png using Guid(20d2c6697517b4e4aad8afa95d5b2757) Importer(815301076,1909f56bfc062723c751e8b465ee728b)  -> (artifact id: '22294cc49433eaf5ede8d50dca4a7e5a') in 0.044073 seconds 
  Import took 0.050043 seconds .

========================================================================
Received Import Request.
  Time since last request: 0.000416 seconds.
  path: Assets/Art/Modular Pixel Forest/Materials/Textures/leaves point up pink.png
  artifactKey: Guid(85ed088c970dac549b4f4d8b1cb6fd36) Importer(815301076,1909f56bfc062723c751e8b465ee728b)
Start importing Assets/Art/Modular Pixel Forest/Materials/Textures/leaves point up pink.png using Guid(85ed088c970dac549b4f4d8b1cb6fd36) Importer(815301076,1909f56bfc062723c751e8b465ee728b)  -> (artifact id: '55a53a4b83d54699fe9af2388e862b0d') in 0.043252 seconds 
  Import took 0.049624 seconds .

========================================================================
Received Import Request.
  Time since last request: 0.000387 seconds.
  path: Assets/Art/Modular Pixel Forest/Materials/Terrain/_MAST_Thumbnails/Dirt Block.png
  artifactKey: Guid(4263320bee5567b4e98b4db4dfaceca2) Importer(815301076,1909f56bfc062723c751e8b465ee728b)
Start importing Assets/Art/Modular Pixel Forest/Materials/Terrain/_MAST_Thumbnails/Dirt Block.png using Guid(4263320bee5567b4e98b4db4dfaceca2) Importer(815301076,1909f56bfc062723c751e8b465ee728b)  -> (artifact id: '7a335c19b0581c850cd6faf3618b985c') in 0.042803 seconds 
  Import took 0.048272 seconds .

========================================================================
Received Import Request.
  Time since last request: 0.000382 seconds.
  path: Assets/Art/sheep.png
  artifactKey: Guid(b4f9e5555a365a6afb683444c733826f) Importer(815301076,1909f56bfc062723c751e8b465ee728b)
Start importing Assets/Art/sheep.png using Guid(b4f9e5555a365a6afb683444c733826f) Importer(815301076,1909f56bfc062723c751e8b465ee728b)  -> (artifact id: 'd58ce171671a13b7cdaf5b0f7e836c2c') in 0.046117 seconds 
  Import took 0.051368 seconds .

========================================================================
Received Import Request.
  Time since last request: 0.000387 seconds.
  path: Assets/Art/Modular Pixel Forest/Materials/Temple/_MAST_Thumbnails/Pillar Base.png
  artifactKey: Guid(8cf9fba008e03284ba36c1322efb4801) Importer(815301076,1909f56bfc062723c751e8b465ee728b)
Start importing Assets/Art/Modular Pixel Forest/Materials/Temple/_MAST_Thumbnails/Pillar Base.png using Guid(8cf9fba008e03284ba36c1322efb4801) Importer(815301076,1909f56bfc062723c751e8b465ee728b)  -> (artifact id: '2ff72f2be270c8d53ed678e2d8eaf25a') in 0.040956 seconds 
  Import took 0.046211 seconds .

========================================================================
Received Import Request.
  Time since last request: 0.000337 seconds.
  path: Assets/Art/Modular Pixel Forest/Materials/Textures/pillar bottom.png
  artifactKey: Guid(66ef6947c5cf4684cb89ebf3ff0af607) Importer(815301076,1909f56bfc062723c751e8b465ee728b)
Start importing Assets/Art/Modular Pixel Forest/Materials/Textures/pillar bottom.png using Guid(66ef6947c5cf4684cb89ebf3ff0af607) Importer(815301076,1909f56bfc062723c751e8b465ee728b)  -> (artifact id: '3ceb27ee294405e17fbc5b3556da9121') in 0.038511 seconds 
  Import took 0.043840 seconds .

========================================================================
Received Import Request.
  Time since last request: 0.000405 seconds.
  path: Assets/Art/Modular Pixel Forest/Materials/Textures/pillar top snow.png
  artifactKey: Guid(19c08e4c14f15b64eaff059ffc2050e2) Importer(815301076,1909f56bfc062723c751e8b465ee728b)
Start importing Assets/Art/Modular Pixel Forest/Materials/Textures/pillar top snow.png using Guid(19c08e4c14f15b64eaff059ffc2050e2) Importer(815301076,1909f56bfc062723c751e8b465ee728b)  -> (artifact id: 'e1af537177cf84f5fa5408481126fe15') in 0.041700 seconds 
  Import took 0.047546 seconds .

========================================================================
Received Import Request.
  Time since last request: 0.000463 seconds.
  path: Assets/Art/Particlecollection_Free samples/Texture/hit_01.png
  artifactKey: Guid(9ab0b862f3010da43a75dabe2ad5ce02) Importer(815301076,1909f56bfc062723c751e8b465ee728b)
Start importing Assets/Art/Particlecollection_Free samples/Texture/hit_01.png using Guid(9ab0b862f3010da43a75dabe2ad5ce02) Importer(815301076,1909f56bfc062723c751e8b465ee728b)  -> (artifact id: 'c97a89d5d26f1cf05b7b93b3d7fe8e83') in 0.045368 seconds 
  Import took 0.050494 seconds .

========================================================================
Received Import Request.
  Time since last request: 0.000336 seconds.
  path: Assets/Art/Modular Pixel Forest/Materials/Terrain/_MAST_Thumbnails/Dirt Ramp.png
  artifactKey: Guid(206f750916fb99b4d95aa6937455a5e6) Importer(815301076,1909f56bfc062723c751e8b465ee728b)
Start importing Assets/Art/Modular Pixel Forest/Materials/Terrain/_MAST_Thumbnails/Dirt Ramp.png using Guid(206f750916fb99b4d95aa6937455a5e6) Importer(815301076,1909f56bfc062723c751e8b465ee728b)  -> (artifact id: 'eaacf6b9dab7b6e2690058bef6b1f291') in 0.041095 seconds 
  Import took 0.047048 seconds .

========================================================================
Received Import Request.
  Time since last request: 0.000269 seconds.
  path: Assets/Art/Modular Pixel Forest/Materials/Foliage/_MAST_Thumbnails/Leaves Point Down Pink.png
  artifactKey: Guid(acd975e00c8d1d047826c32196696d8a) Importer(815301076,1909f56bfc062723c751e8b465ee728b)
Start importing Assets/Art/Modular Pixel Forest/Materials/Foliage/_MAST_Thumbnails/Leaves Point Down Pink.png using Guid(acd975e00c8d1d047826c32196696d8a) Importer(815301076,1909f56bfc062723c751e8b465ee728b)  -> (artifact id: '64ea2e0f865e20922abe2a6b5b601b48') in 0.037928 seconds 
  Import took 0.042600 seconds .

========================================================================
Received Import Request.
  Time since last request: 0.000372 seconds.
  path: Assets/Art/Modular Pixel Forest/Materials/Textures/fence post.png
  artifactKey: Guid(7aba0851a8cea314fb227c9bcd91d341) Importer(815301076,1909f56bfc062723c751e8b465ee728b)
Start importing Assets/Art/Modular Pixel Forest/Materials/Textures/fence post.png using Guid(7aba0851a8cea314fb227c9bcd91d341) Importer(815301076,1909f56bfc062723c751e8b465ee728b)  -> (artifact id: '1212f9e4dc384a48122ea9fb5a4696de') in 0.032665 seconds 
  Import took 0.037473 seconds .

========================================================================
Received Import Request.
  Time since last request: 0.000489 seconds.
  path: Assets/Art/Modular Pixel Forest/Materials/Temple/_MAST_Thumbnails/Pillar Bottom.png
  artifactKey: Guid(886620a6ae3bd0f409bc70c074c6495e) Importer(815301076,1909f56bfc062723c751e8b465ee728b)
Start importing Assets/Art/Modular Pixel Forest/Materials/Temple/_MAST_Thumbnails/Pillar Bottom.png using Guid(886620a6ae3bd0f409bc70c074c6495e) Importer(815301076,1909f56bfc062723c751e8b465ee728b)  -> (artifact id: '6c93490543a01e5ccb87d4c9ef1217c2') in 0.035254 seconds 
  Import took 0.040063 seconds .

========================================================================
Received Import Request.
  Time since last request: 0.000266 seconds.
  path: Assets/Art/Modular Pixel Forest/Materials/Textures/leaves sphere gold.png
  artifactKey: Guid(9ef9d9311d120dd4eb27e1887e3c0b91) Importer(815301076,1909f56bfc062723c751e8b465ee728b)
Start importing Assets/Art/Modular Pixel Forest/Materials/Textures/leaves sphere gold.png using Guid(9ef9d9311d120dd4eb27e1887e3c0b91) Importer(815301076,1909f56bfc062723c751e8b465ee728b)  -> (artifact id: '362d8b7619a8b1f8365c73467e7e9021') in 0.033939 seconds 
  Import took 0.038294 seconds .

========================================================================
Received Import Request.
  Time since last request: 0.000238 seconds.
  path: Assets/Art/Modular Pixel Forest/Materials/Terrain/_MAST_Thumbnails/Dirt Block Center.png
  artifactKey: Guid(dd74f1231de72e04cb2b658ab5678e88) Importer(815301076,1909f56bfc062723c751e8b465ee728b)
Start importing Assets/Art/Modular Pixel Forest/Materials/Terrain/_MAST_Thumbnails/Dirt Block Center.png using Guid(dd74f1231de72e04cb2b658ab5678e88) Importer(815301076,1909f56bfc062723c751e8b465ee728b)  -> (artifact id: '4dd07787f03c0bb8ba76a87316631a44') in 0.035219 seconds 
  Import took 0.040357 seconds .

========================================================================
Received Import Request.
  Time since last request: 0.000264 seconds.
  path: Assets/Art/Modular Pixel Forest/Materials/Textures/leaves point down green.png
  artifactKey: Guid(3f15857cf6dee3f4eabc40bbd29a65a8) Importer(815301076,1909f56bfc062723c751e8b465ee728b)
Start importing Assets/Art/Modular Pixel Forest/Materials/Textures/leaves point down green.png using Guid(3f15857cf6dee3f4eabc40bbd29a65a8) Importer(815301076,1909f56bfc062723c751e8b465ee728b)  -> (artifact id: 'd07efc9ff50a2659df19ef2de4d19cbc') in 0.033531 seconds 
  Import took 0.038082 seconds .

========================================================================
Received Import Request.
  Time since last request: 0.000385 seconds.
  path: Assets/Art/Modular Pixel Forest/Materials/Textures/grass hill corner outer green.png
  artifactKey: Guid(ec2a035ea74594f47bb0e5d991b679cd) Importer(815301076,1909f56bfc062723c751e8b465ee728b)
Start importing Assets/Art/Modular Pixel Forest/Materials/Textures/grass hill corner outer green.png using Guid(ec2a035ea74594f47bb0e5d991b679cd) Importer(815301076,1909f56bfc062723c751e8b465ee728b)  -> (artifact id: '0204261c6e10f78e928f5295ee5b1859') in 0.034868 seconds 
  Import took 0.039066 seconds .

========================================================================
Received Import Request.
  Time since last request: 0.000344 seconds.
  path: Assets/Art/Modular Pixel Forest/Materials/Textures/leaves point down gold.png
  artifactKey: Guid(5fa313d0411bf8f43833ed86e87e8b40) Importer(815301076,1909f56bfc062723c751e8b465ee728b)
Start importing Assets/Art/Modular Pixel Forest/Materials/Textures/leaves point down gold.png using Guid(5fa313d0411bf8f43833ed86e87e8b40) Importer(815301076,1909f56bfc062723c751e8b465ee728b)  -> (artifact id: '9253f851120597b749b4d8944ad7d8de') in 0.036044 seconds 
  Import took 0.040468 seconds .

========================================================================
Received Import Request.
  Time since last request: 0.000328 seconds.
  path: Assets/Art/Modular Pixel Forest/Materials/Textures/leaves point up red.png
  artifactKey: Guid(d3cd91ae4eb78c140b24104550b6afb0) Importer(815301076,1909f56bfc062723c751e8b465ee728b)
Start importing Assets/Art/Modular Pixel Forest/Materials/Textures/leaves point up red.png using Guid(d3cd91ae4eb78c140b24104550b6afb0) Importer(815301076,1909f56bfc062723c751e8b465ee728b)  -> (artifact id: '3fa27e43fa6d2d379e04290e70add5aa') in 0.038088 seconds 
  Import took 0.042973 seconds .

========================================================================
Received Import Request.
  Time since last request: 0.000286 seconds.
  path: Assets/Art/Modular Pixel Forest/Materials/Props/_MAST_Thumbnails/Fence Rail Snow.png
  artifactKey: Guid(2bc9daf084fdd4747ab2ac14ad75120d) Importer(815301076,1909f56bfc062723c751e8b465ee728b)
Start importing Assets/Art/Modular Pixel Forest/Materials/Props/_MAST_Thumbnails/Fence Rail Snow.png using Guid(2bc9daf084fdd4747ab2ac14ad75120d) Importer(815301076,1909f56bfc062723c751e8b465ee728b)  -> (artifact id: '7aff2b86440798782c3460a424668556') in 0.038914 seconds 
  Import took 0.044363 seconds .

========================================================================
Received Import Request.
  Time since last request: 0.000269 seconds.
  path: Assets/Art/Modular Pixel Forest/Materials/Textures/crate.png
  artifactKey: Guid(4d72941abc7f257499766e993d315ed0) Importer(815301076,1909f56bfc062723c751e8b465ee728b)
Start importing Assets/Art/Modular Pixel Forest/Materials/Textures/crate.png using Guid(4d72941abc7f257499766e993d315ed0) Importer(815301076,1909f56bfc062723c751e8b465ee728b)  -> (artifact id: 'cdc6cd3965da92a2bf55abf90b673c73') in 0.034019 seconds 
  Import took 0.039522 seconds .

========================================================================
Received Import Request.
  Time since last request: 0.000352 seconds.
  path: Assets/Art/Modular Pixel Forest/Materials/Textures/leaves point down red.png
  artifactKey: Guid(bde4ef48567990944984017b3740550f) Importer(815301076,1909f56bfc062723c751e8b465ee728b)
Start importing Assets/Art/Modular Pixel Forest/Materials/Textures/leaves point down red.png using Guid(bde4ef48567990944984017b3740550f) Importer(815301076,1909f56bfc062723c751e8b465ee728b)  -> (artifact id: '804d1f94f13f1eda17e760b6692b9baf') in 0.037420 seconds 
  Import took 0.043052 seconds .

========================================================================
Received Import Request.
  Time since last request: 0.000280 seconds.
  path: Assets/Art/Modular Pixel Forest/Materials/Textures/leaves sphere snow.png
  artifactKey: Guid(f8f05233ff7625445a08ac89488a10ea) Importer(815301076,1909f56bfc062723c751e8b465ee728b)
Start importing Assets/Art/Modular Pixel Forest/Materials/Textures/leaves sphere snow.png using Guid(f8f05233ff7625445a08ac89488a10ea) Importer(815301076,1909f56bfc062723c751e8b465ee728b)  -> (artifact id: 'afd9ab0826d13cee6d0e0720fd504950') in 0.034516 seconds 
  Import took 0.040425 seconds .

========================================================================
Received Import Request.
  Time since last request: 0.000272 seconds.
  path: Assets/Art/Modular Pixel Forest/Materials/Textures/grass hill corner outer snow.png
  artifactKey: Guid(984d244df81b3de4bbe9868688da2b18) Importer(815301076,1909f56bfc062723c751e8b465ee728b)
Start importing Assets/Art/Modular Pixel Forest/Materials/Textures/grass hill corner outer snow.png using Guid(984d244df81b3de4bbe9868688da2b18) Importer(815301076,1909f56bfc062723c751e8b465ee728b)  -> (artifact id: 'be6ae878298f69b90ae455c2f2df3732') in 0.036488 seconds 
  Import took 0.041460 seconds .

========================================================================
Received Import Request.
  Time since last request: 0.000273 seconds.
  path: Assets/Art/Modular Pixel Forest/Materials/Props/_MAST_Thumbnails/Sign Arrow.png
  artifactKey: Guid(5edebac6479e536428f62ab2e931f087) Importer(815301076,1909f56bfc062723c751e8b465ee728b)
Start importing Assets/Art/Modular Pixel Forest/Materials/Props/_MAST_Thumbnails/Sign Arrow.png using Guid(5edebac6479e536428f62ab2e931f087) Importer(815301076,1909f56bfc062723c751e8b465ee728b)  -> (artifact id: '70e1efa8787741f75507ca047d72557f') in 0.038765 seconds 
  Import took 0.044214 seconds .

========================================================================
Received Import Request.
  Time since last request: 0.000385 seconds.
  path: Assets/Art/Modular Pixel Forest/Materials/Temple/_MAST_Thumbnails/Pillar Top.png
  artifactKey: Guid(dae0d4dc69f79b046ae960b0646e8487) Importer(815301076,1909f56bfc062723c751e8b465ee728b)
Start importing Assets/Art/Modular Pixel Forest/Materials/Temple/_MAST_Thumbnails/Pillar Top.png using Guid(dae0d4dc69f79b046ae960b0646e8487) Importer(815301076,1909f56bfc062723c751e8b465ee728b)  -> (artifact id: 'e9b4fb28613f6613d4bb78e197610a60') in 0.037358 seconds 
  Import took 0.041714 seconds .

========================================================================
Received Import Request.
  Time since last request: 0.000258 seconds.
  path: Assets/Art/Modular Pixel Forest/Materials/Props/_MAST_Thumbnails/Sign Blank.png
  artifactKey: Guid(e48848b34ef26da449948ede6a4091e3) Importer(815301076,1909f56bfc062723c751e8b465ee728b)
Start importing Assets/Art/Modular Pixel Forest/Materials/Props/_MAST_Thumbnails/Sign Blank.png using Guid(e48848b34ef26da449948ede6a4091e3) Importer(815301076,1909f56bfc062723c751e8b465ee728b)  -> (artifact id: '0dff0941a2889f5d6063fb880a0a02c5') in 0.037835 seconds 
  Import took 0.042553 seconds .

========================================================================
Received Import Request.
  Time since last request: 0.000408 seconds.
  path: Assets/Art/Particlecollection_Free samples/Texture/ground.png
  artifactKey: Guid(e3027c8be41eb364d933c5a82c7bde0d) Importer(815301076,1909f56bfc062723c751e8b465ee728b)
Start importing Assets/Art/Particlecollection_Free samples/Texture/ground.png using Guid(e3027c8be41eb364d933c5a82c7bde0d) Importer(815301076,1909f56bfc062723c751e8b465ee728b)  -> (artifact id: '1c773c0db3b04a34d4d41cb388b7fabf') in 0.045966 seconds 
  Import took 0.050226 seconds .

========================================================================
Received Import Request.
  Time since last request: 0.000343 seconds.
  path: Assets/Art/Modular Pixel Forest/Materials/Temple/_MAST_Thumbnails/Temple Block.png
  artifactKey: Guid(fcf067ddf7636b140b42138eff6041f9) Importer(815301076,1909f56bfc062723c751e8b465ee728b)
Start importing Assets/Art/Modular Pixel Forest/Materials/Temple/_MAST_Thumbnails/Temple Block.png using Guid(fcf067ddf7636b140b42138eff6041f9) Importer(815301076,1909f56bfc062723c751e8b465ee728b)  -> (artifact id: '406b858ac539bc2f75d26cd86606a57b') in 0.041749 seconds 
  Import took 0.047236 seconds .

========================================================================
Received Import Request.
  Time since last request: 0.000345 seconds.
  path: Assets/Art/Modular Pixel Forest/Materials/Props/_MAST_Thumbnails/Sign Help.png
  artifactKey: Guid(256cbdc2acb764245900a5adaca1c2ea) Importer(815301076,1909f56bfc062723c751e8b465ee728b)
Start importing Assets/Art/Modular Pixel Forest/Materials/Props/_MAST_Thumbnails/Sign Help.png using Guid(256cbdc2acb764245900a5adaca1c2ea) Importer(815301076,1909f56bfc062723c751e8b465ee728b)  -> (artifact id: '40cf2b5dc4d0521e1247aaa46f27374c') in 0.040609 seconds 
  Import took 0.045259 seconds .

========================================================================
Received Import Request.
  Time since last request: 0.000386 seconds.
  path: Assets/Art/Modular Pixel Forest/Materials/Temple/_MAST_Thumbnails/Temple Block Center Snow.png
  artifactKey: Guid(9427164464d58c64b91854ccdb5b3e53) Importer(815301076,1909f56bfc062723c751e8b465ee728b)
Start importing Assets/Art/Modular Pixel Forest/Materials/Temple/_MAST_Thumbnails/Temple Block Center Snow.png using Guid(9427164464d58c64b91854ccdb5b3e53) Importer(815301076,1909f56bfc062723c751e8b465ee728b)  -> (artifact id: 'a1dc51a2243bc152dd83b3bd969a777d') in 0.040460 seconds 
  Import took 0.045870 seconds .

========================================================================
Received Import Request.
  Time since last request: 0.000328 seconds.
  path: Assets/Art/Modular Pixel Forest/Materials/Foliage/_MAST_Thumbnails/Leaves Point Down Gold.png
  artifactKey: Guid(b26dfcf24da3374499b6a1ec0342b131) Importer(815301076,1909f56bfc062723c751e8b465ee728b)
Start importing Assets/Art/Modular Pixel Forest/Materials/Foliage/_MAST_Thumbnails/Leaves Point Down Gold.png using Guid(b26dfcf24da3374499b6a1ec0342b131) Importer(815301076,1909f56bfc062723c751e8b465ee728b)  -> (artifact id: '44e678e58b3b47946723fb878de44d0f') in 0.040090 seconds 
  Import took 0.046498 seconds .

========================================================================
Received Import Request.
  Time since last request: 0.000306 seconds.
  path: Assets/Art/Modular Pixel Forest/Materials/Foliage/_MAST_Thumbnails/Leaves Sphere Gold.png
  artifactKey: Guid(44bedaba3fc9ee347b1498e016ecfa61) Importer(815301076,1909f56bfc062723c751e8b465ee728b)
Start importing Assets/Art/Modular Pixel Forest/Materials/Foliage/_MAST_Thumbnails/Leaves Sphere Gold.png using Guid(44bedaba3fc9ee347b1498e016ecfa61) Importer(815301076,1909f56bfc062723c751e8b465ee728b)  -> (artifact id: '113e9c9e1ac2f35bd97d3ee2dec82158') in 0.043719 seconds 
  Import took 0.049537 seconds .

========================================================================
Received Import Request.
  Time since last request: 0.000271 seconds.
  path: Assets/Art/Particlecollection_Free samples/Texture/smoke_06.png
  artifactKey: Guid(72b005d0d3b47254c8f8bf8899a6510f) Importer(815301076,1909f56bfc062723c751e8b465ee728b)
Start importing Assets/Art/Particlecollection_Free samples/Texture/smoke_06.png using Guid(72b005d0d3b47254c8f8bf8899a6510f) Importer(815301076,1909f56bfc062723c751e8b465ee728b)  -> (artifact id: 'b1c66cf66ff50892d4058ee0f0df7032') in 0.052576 seconds 
  Import took 0.058321 seconds .

========================================================================
Received Import Request.
  Time since last request: 0.000362 seconds.
  path: Assets/Art/Modular Pixel Forest/Materials/Textures/leaves sphere red.png
  artifactKey: Guid(8b5c3c6b5057f6147bb3c97e5a2cdf42) Importer(815301076,1909f56bfc062723c751e8b465ee728b)
Start importing Assets/Art/Modular Pixel Forest/Materials/Textures/leaves sphere red.png using Guid(8b5c3c6b5057f6147bb3c97e5a2cdf42) Importer(815301076,1909f56bfc062723c751e8b465ee728b)  -> (artifact id: '94b864933c0207e683f09844f047e09a') in 0.039425 seconds 
  Import took 0.044440 seconds .

========================================================================
Received Import Request.
  Time since last request: 0.000295 seconds.
  path: Assets/Art/Modular Pixel Forest/Materials/Temple/_MAST_Thumbnails/Pillar Center Link.png
  artifactKey: Guid(c00675c3d0682f9419ebc26c7ccbafea) Importer(815301076,1909f56bfc062723c751e8b465ee728b)
Start importing Assets/Art/Modular Pixel Forest/Materials/Temple/_MAST_Thumbnails/Pillar Center Link.png using Guid(c00675c3d0682f9419ebc26c7ccbafea) Importer(815301076,1909f56bfc062723c751e8b465ee728b)  -> (artifact id: 'e96ba96b13c8812ce1b247b3dab9cd01') in 0.042886 seconds 
  Import took 0.047704 seconds .

========================================================================
Received Import Request.
  Time since last request: 0.000441 seconds.
  path: Assets/Art/Modular Pixel Forest/Materials/Temple/_MAST_Thumbnails/Pillar Center.png
  artifactKey: Guid(e6db47e529dc44542a23e5f30a146b70) Importer(815301076,1909f56bfc062723c751e8b465ee728b)
Start importing Assets/Art/Modular Pixel Forest/Materials/Temple/_MAST_Thumbnails/Pillar Center.png using Guid(e6db47e529dc44542a23e5f30a146b70) Importer(815301076,1909f56bfc062723c751e8b465ee728b)  -> (artifact id: '06e0e4b1a23e59b279017c5f2cd9e226') in 0.041322 seconds 
  Import took 0.046334 seconds .

========================================================================
Received Import Request.
  Time since last request: 0.000336 seconds.
  path: Assets/Art/Particlecollection_Free samples/Texture/starbox.png
  artifactKey: Guid(fe095ce6b171a6547ad96df5989c2ad7) Importer(815301076,1909f56bfc062723c751e8b465ee728b)
Start importing Assets/Art/Particlecollection_Free samples/Texture/starbox.png using Guid(fe095ce6b171a6547ad96df5989c2ad7) Importer(815301076,1909f56bfc062723c751e8b465ee728b)  -> (artifact id: '71a29ab5b55b1783be1f09a1916459ef') in 0.043866 seconds 
  Import took 0.048387 seconds .

========================================================================
Received Import Request.
  Time since last request: 0.000421 seconds.
  path: Assets/Art/Modular Pixel Forest/Materials/Textures/sign blank.png
  artifactKey: Guid(2c27740f80824aa409502ea8711593d7) Importer(815301076,1909f56bfc062723c751e8b465ee728b)
Start importing Assets/Art/Modular Pixel Forest/Materials/Textures/sign blank.png using Guid(2c27740f80824aa409502ea8711593d7) Importer(815301076,1909f56bfc062723c751e8b465ee728b)  -> (artifact id: 'cb5fa0d0b8467ff68ee636f6aa6ea160') in 0.038422 seconds 
  Import took 0.045009 seconds .

========================================================================
Received Import Request.
  Time since last request: 0.000359 seconds.
  path: Assets/Art/Modular Pixel Forest/Materials/Textures/dirt ramp.png
  artifactKey: Guid(52c684fcac41de249945ccb19d4485b9) Importer(815301076,1909f56bfc062723c751e8b465ee728b)
Start importing Assets/Art/Modular Pixel Forest/Materials/Textures/dirt ramp.png using Guid(52c684fcac41de249945ccb19d4485b9) Importer(815301076,1909f56bfc062723c751e8b465ee728b)  -> (artifact id: 'f1a128bed565b58fca1cc64d279daabf') in 0.036581 seconds 
  Import took 0.041360 seconds .

========================================================================
Received Import Request.
  Time since last request: 0.000298 seconds.
  path: Assets/Art/Modular Pixel Forest/Materials/Terrain/_MAST_Thumbnails/Grass Block Snow.png
  artifactKey: Guid(27077e2464bb74348935064dd8923711) Importer(815301076,1909f56bfc062723c751e8b465ee728b)
Start importing Assets/Art/Modular Pixel Forest/Materials/Terrain/_MAST_Thumbnails/Grass Block Snow.png using Guid(27077e2464bb74348935064dd8923711) Importer(815301076,1909f56bfc062723c751e8b465ee728b)  -> (artifact id: '0ee2104e83121d6cf1974c4939fb8586') in 0.041681 seconds 
  Import took 0.047992 seconds .

========================================================================
Received Import Request.
  Time since last request: 0.000339 seconds.
  path: Assets/Art/Modular Pixel Forest/Materials/Textures/grass hill corner inner fall.png
  artifactKey: Guid(44090a7e49c335d438b180932fb029ec) Importer(815301076,1909f56bfc062723c751e8b465ee728b)
Start importing Assets/Art/Modular Pixel Forest/Materials/Textures/grass hill corner inner fall.png using Guid(44090a7e49c335d438b180932fb029ec) Importer(815301076,1909f56bfc062723c751e8b465ee728b)  -> (artifact id: 'de53dfa3ee1af17474bde1c036963f41') in 0.043436 seconds 
  Import took 0.049087 seconds .

========================================================================
Received Import Request.
  Time since last request: 0.000433 seconds.
  path: Assets/Art/Modular Pixel Forest/Materials/Temple/_MAST_Thumbnails/Pillar Base Snow.png
  artifactKey: Guid(a494539a8a8ab554f8f78ccc6c8a83ac) Importer(815301076,1909f56bfc062723c751e8b465ee728b)
Start importing Assets/Art/Modular Pixel Forest/Materials/Temple/_MAST_Thumbnails/Pillar Base Snow.png using Guid(a494539a8a8ab554f8f78ccc6c8a83ac) Importer(815301076,1909f56bfc062723c751e8b465ee728b)  -> (artifact id: 'd37944741faa1e8612fb7df275d73be2') in 0.039891 seconds 
  Import took 0.045007 seconds .

========================================================================
Received Import Request.
  Time since last request: 0.000276 seconds.
  path: Assets/Art/Modular Pixel Forest/Materials/Textures/grass hill corner inner snow.png
  artifactKey: Guid(64b03737cde5b264ab084c8a2d55aa8e) Importer(815301076,1909f56bfc062723c751e8b465ee728b)
Start importing Assets/Art/Modular Pixel Forest/Materials/Textures/grass hill corner inner snow.png using Guid(64b03737cde5b264ab084c8a2d55aa8e) Importer(815301076,1909f56bfc062723c751e8b465ee728b)  -> (artifact id: '004c808d047eccd401aa50593dee9be5') in 0.036860 seconds 
  Import took 0.042952 seconds .

========================================================================
Received Import Request.
  Time since last request: 0.000277 seconds.
  path: Assets/Art/Modular Pixel Forest/Materials/Foliage/_MAST_Thumbnails/Leaves Point Down Red.png
  artifactKey: Guid(214f897a92eec2e4dbbff93317fcdb99) Importer(815301076,1909f56bfc062723c751e8b465ee728b)
Start importing Assets/Art/Modular Pixel Forest/Materials/Foliage/_MAST_Thumbnails/Leaves Point Down Red.png using Guid(214f897a92eec2e4dbbff93317fcdb99) Importer(815301076,1909f56bfc062723c751e8b465ee728b)  -> (artifact id: '7ee5ae94693bd4c1e130c814d5929f92') in 0.038732 seconds 
  Import took 0.044331 seconds .

========================================================================
Received Import Request.
  Time since last request: 0.000342 seconds.
  path: Assets/Art/Modular Pixel Forest/Materials/Textures/pillar base.png
  artifactKey: Guid(c46098ee476da9645be1d0bed0c54e53) Importer(815301076,1909f56bfc062723c751e8b465ee728b)
Start importing Assets/Art/Modular Pixel Forest/Materials/Textures/pillar base.png using Guid(c46098ee476da9645be1d0bed0c54e53) Importer(815301076,1909f56bfc062723c751e8b465ee728b)  -> (artifact id: '11021690f895fbbb438531660f8ecadb') in 0.036836 seconds 
  Import took 0.041849 seconds .

========================================================================
Received Import Request.
  Time since last request: 0.000334 seconds.
  path: Assets/Art/Modular Pixel Forest/Materials/Terrain/_MAST_Thumbnails/Dirt Ramp Snow.png
  artifactKey: Guid(261b83d28c6a27c489d05c0a2daecf56) Importer(815301076,1909f56bfc062723c751e8b465ee728b)
Start importing Assets/Art/Modular Pixel Forest/Materials/Terrain/_MAST_Thumbnails/Dirt Ramp Snow.png using Guid(261b83d28c6a27c489d05c0a2daecf56) Importer(815301076,1909f56bfc062723c751e8b465ee728b)  -> (artifact id: '9bf420bcdd35f067ce4e38c31fcff95f') in 0.038529 seconds 
  Import took 0.043882 seconds .

========================================================================
Received Import Request.
  Time since last request: 0.000308 seconds.
  path: Assets/Art/Particlecollection_Free samples/Texture/Sprays_01.png
  artifactKey: Guid(36e502734eef249458075cef8d83633e) Importer(815301076,1909f56bfc062723c751e8b465ee728b)
Start importing Assets/Art/Particlecollection_Free samples/Texture/Sprays_01.png using Guid(36e502734eef249458075cef8d83633e) Importer(815301076,1909f56bfc062723c751e8b465ee728b)  -> (artifact id: '534d7e13ef6f4ab01cc6d108c09f7039') in 0.049144 seconds 
  Import took 0.054145 seconds .

========================================================================
Received Import Request.
  Time since last request: 0.000418 seconds.
  path: Assets/TextMesh Pro/Sprites/EmojiOne.png
  artifactKey: Guid(dffef66376be4fa480fb02b19edbe903) Importer(815301076,1909f56bfc062723c751e8b465ee728b)
Start importing Assets/TextMesh Pro/Sprites/EmojiOne.png using Guid(dffef66376be4fa480fb02b19edbe903) Importer(815301076,1909f56bfc062723c751e8b465ee728b)  -> (artifact id: 'd9656d8e84a0ce5541ae7eb68a678059') in 0.041953 seconds 
  Import took 0.046698 seconds .

========================================================================
Received Import Request.
  Time since last request: 0.000444 seconds.
  path: Assets/Art/Modular Pixel Forest/Materials/Foliage/_MAST_Thumbnails/Leaves Sphere Pink.png
  artifactKey: Guid(bf1392825b411504eb28e4e17a83429e) Importer(815301076,1909f56bfc062723c751e8b465ee728b)
Start importing Assets/Art/Modular Pixel Forest/Materials/Foliage/_MAST_Thumbnails/Leaves Sphere Pink.png using Guid(bf1392825b411504eb28e4e17a83429e) Importer(815301076,1909f56bfc062723c751e8b465ee728b)  -> (artifact id: '517ba55c2072cbcfc7a5d844c88013de') in 0.039802 seconds 
  Import took 0.045396 seconds .

========================================================================
Received Import Request.
  Time since last request: 0.000423 seconds.
  path: Assets/Art/Modular Pixel Forest/Materials/Props/_MAST_Thumbnails/Fence Post.png
  artifactKey: Guid(b2866ff21ddee63448e2c7d93e582171) Importer(815301076,1909f56bfc062723c751e8b465ee728b)
Start importing Assets/Art/Modular Pixel Forest/Materials/Props/_MAST_Thumbnails/Fence Post.png using Guid(b2866ff21ddee63448e2c7d93e582171) Importer(815301076,1909f56bfc062723c751e8b465ee728b)  -> (artifact id: '89b08fb3fff528d9106daa412e591827') in 0.040486 seconds 
  Import took 0.044977 seconds .

========================================================================
Received Import Request.
  Time since last request: 0.000450 seconds.
  path: Assets/Art/Modular Pixel Forest/Materials/Textures/temple block snow.png
  artifactKey: Guid(071565d9d1e6aa14583ded2e907233a4) Importer(815301076,1909f56bfc062723c751e8b465ee728b)
Start importing Assets/Art/Modular Pixel Forest/Materials/Textures/temple block snow.png using Guid(071565d9d1e6aa14583ded2e907233a4) Importer(815301076,1909f56bfc062723c751e8b465ee728b)  -> (artifact id: '378f16bc8d41bad450ba8abf8c8027a2') in 0.036994 seconds 
  Import took 0.041733 seconds .

========================================================================
Received Import Request.
  Time since last request: 0.000399 seconds.
  path: Assets/Art/Modular Pixel Forest/Materials/Foliage/_MAST_Thumbnails/Leaves Point Up Pink.png
  artifactKey: Guid(a305d52c53b6ab14e9f88cd555b878cc) Importer(815301076,1909f56bfc062723c751e8b465ee728b)
Start importing Assets/Art/Modular Pixel Forest/Materials/Foliage/_MAST_Thumbnails/Leaves Point Up Pink.png using Guid(a305d52c53b6ab14e9f88cd555b878cc) Importer(815301076,1909f56bfc062723c751e8b465ee728b)  -> (artifact id: '7e9bab2e6e20a7603ddf1560cc68edc2') in 0.039399 seconds 
  Import took 0.044317 seconds .

========================================================================
Received Import Request.
  Time since last request: 0.000438 seconds.
  path: Assets/Art/Modular Pixel Forest/Materials/Terrain/_MAST_Thumbnails/Grass Hill Straight Snow.png
  artifactKey: Guid(e2c5b9b8d6591c44cbb7be27f6a7c037) Importer(815301076,1909f56bfc062723c751e8b465ee728b)
Start importing Assets/Art/Modular Pixel Forest/Materials/Terrain/_MAST_Thumbnails/Grass Hill Straight Snow.png using Guid(e2c5b9b8d6591c44cbb7be27f6a7c037) Importer(815301076,1909f56bfc062723c751e8b465ee728b)  -> (artifact id: '07ba94065ebcb790d8b9f459deb53f51') in 0.042246 seconds 
  Import took 0.048282 seconds .

========================================================================
Received Import Request.
  Time since last request: 0.000300 seconds.
  path: Assets/Art/Particlecollection_Free samples/Texture/hit_03.png
  artifactKey: Guid(062e4cda4e285ed4a91e994428a1dc2d) Importer(815301076,1909f56bfc062723c751e8b465ee728b)
Start importing Assets/Art/Particlecollection_Free samples/Texture/hit_03.png using Guid(062e4cda4e285ed4a91e994428a1dc2d) Importer(815301076,1909f56bfc062723c751e8b465ee728b)  -> (artifact id: '877bc63195572e0ec8034340e11cd46c') in 0.040851 seconds 
  Import took 0.046236 seconds .

========================================================================
Received Import Request.
  Time since last request: 0.000272 seconds.
  path: Assets/Art/Modular Pixel Forest/Materials/Textures/pillar monkey.png
  artifactKey: Guid(01132b31a6f1cd24b9a0910ac8a5b965) Importer(815301076,1909f56bfc062723c751e8b465ee728b)
Start importing Assets/Art/Modular Pixel Forest/Materials/Textures/pillar monkey.png using Guid(01132b31a6f1cd24b9a0910ac8a5b965) Importer(815301076,1909f56bfc062723c751e8b465ee728b)  -> (artifact id: '7e476cfd484fdbdcee3eecd6ba70e88b') in 0.036769 seconds 
  Import took 0.041993 seconds .

========================================================================
Received Import Request.
  Time since last request: 0.000399 seconds.
  path: Assets/Art/Modular Pixel Forest/Materials/Textures/grass hill straight snow.png
  artifactKey: Guid(ea328ad53e1ac534f946a74e5498ec04) Importer(815301076,1909f56bfc062723c751e8b465ee728b)
Start importing Assets/Art/Modular Pixel Forest/Materials/Textures/grass hill straight snow.png using Guid(ea328ad53e1ac534f946a74e5498ec04) Importer(815301076,1909f56bfc062723c751e8b465ee728b)  -> (artifact id: 'cc98eda27524994def8103e030998006') in 0.038251 seconds 
  Import took 0.044776 seconds .

========================================================================
Received Import Request.
  Time since last request: 0.000423 seconds.
  path: Assets/Art/Particlecollection_Free samples/Texture/magic_01.png
  artifactKey: Guid(f6addef24a2887245854cacb60838807) Importer(815301076,1909f56bfc062723c751e8b465ee728b)
Start importing Assets/Art/Particlecollection_Free samples/Texture/magic_01.png using Guid(f6addef24a2887245854cacb60838807) Importer(815301076,1909f56bfc062723c751e8b465ee728b)  -> (artifact id: '08720a1af5514122a5aab7ad1ab65a19') in 0.040096 seconds 
  Import took 0.044715 seconds .

========================================================================
Received Import Request.
  Time since last request: 0.000337 seconds.
  path: Assets/Art/Modular Pixel Forest/Materials/Foliage/_MAST_Thumbnails/Leaves Point Up Green.png
  artifactKey: Guid(f980253df1ec7f143a04102a5b8fa79d) Importer(815301076,1909f56bfc062723c751e8b465ee728b)
Start importing Assets/Art/Modular Pixel Forest/Materials/Foliage/_MAST_Thumbnails/Leaves Point Up Green.png using Guid(f980253df1ec7f143a04102a5b8fa79d) Importer(815301076,1909f56bfc062723c751e8b465ee728b)  -> (artifact id: '4734dcf4ad22f3e6f1826b078cf40868') in 0.044278 seconds 
  Import took 0.049088 seconds .

========================================================================
Received Import Request.
  Time since last request: 0.000394 seconds.
  path: Assets/Art/Modular Pixel Forest/Materials/Textures/pillar top.png
  artifactKey: Guid(0eee820abd5dd904cb2988a8d55b8328) Importer(815301076,1909f56bfc062723c751e8b465ee728b)
Start importing Assets/Art/Modular Pixel Forest/Materials/Textures/pillar top.png using Guid(0eee820abd5dd904cb2988a8d55b8328) Importer(815301076,1909f56bfc062723c751e8b465ee728b)  -> (artifact id: '411dd1c3fe7a4639a50bbb1dc603fd85') in 0.042714 seconds 
  Import took 0.047854 seconds .

========================================================================
Received Import Request.
  Time since last request: 0.000363 seconds.
  path: Assets/Art/Modular Pixel Forest/Materials/Textures/sign arrow.png
  artifactKey: Guid(47a41939041c95746ab52005ef0ea591) Importer(815301076,1909f56bfc062723c751e8b465ee728b)
Start importing Assets/Art/Modular Pixel Forest/Materials/Textures/sign arrow.png using Guid(47a41939041c95746ab52005ef0ea591) Importer(815301076,1909f56bfc062723c751e8b465ee728b)  -> (artifact id: 'c841c74a3f0c0937bf798145d1f004af') in 0.036829 seconds 
  Import took 0.041957 seconds .

========================================================================
Received Import Request.
  Time since last request: 0.000296 seconds.
  path: Assets/Art/Modular Pixel Forest/Materials/Textures/grass block fall.png
  artifactKey: Guid(a2502bc9872802e449b0f362eca61b65) Importer(815301076,1909f56bfc062723c751e8b465ee728b)
Start importing Assets/Art/Modular Pixel Forest/Materials/Textures/grass block fall.png using Guid(a2502bc9872802e449b0f362eca61b65) Importer(815301076,1909f56bfc062723c751e8b465ee728b)  -> (artifact id: '12bda05e8ea05095b90b9974e28bc315') in 0.038494 seconds 
  Import took 0.043755 seconds .

========================================================================
Received Prepare
Registering precompiled user dll's ...
Registered in 0.005539 seconds.
Begin MonoManager ReloadAssembly
Native extension for WindowsStandalone target not found
Native extension for WebGL target not found
Refreshing native plugins compatible for Editor in 0.49 ms, found 2 plugins.
Preloading 0 native plugins for Editor in 0.00 ms.
Mono: successfully reloaded assembly
- Completed reload, in  1.484 seconds
Domain Reload Profiling:
	ReloadAssembly (1485ms)
		BeginReloadAssembly (164ms)
			ExecutionOrderSort (0ms)
			DisableScriptedObjects (7ms)
			BackupInstance (0ms)
			ReleaseScriptingObjects (0ms)
			CreateAndSetChildDomain (44ms)
		EndReloadAssembly (1216ms)
			LoadAssemblies (145ms)
			RebuildTransferFunctionScriptingTraits (0ms)
			SetupTypeCache (464ms)
			ReleaseScriptCaches (1ms)
			RebuildScriptCaches (68ms)
			SetupLoadedEditorAssemblies (409ms)
				LogAssemblyErrors (0ms)
				InitializePlatformSupportModulesInManaged (8ms)
				SetLoadedEditorAssemblies (1ms)
				RefreshPlugins (1ms)
				BeforeProcessingInitializeOnLoad (73ms)
				ProcessInitializeOnLoadAttributes (307ms)
				ProcessInitializeOnLoadMethodAttributes (12ms)
				AfterProcessingInitializeOnLoad (8ms)
				EditorAssembliesLoaded (0ms)
			ExecutionOrderSort2 (0ms)
			AwakeInstancesAfterBackupRestoration (10ms)
Platform modules already initialized, skipping
Refreshing native plugins compatible for Editor in 0.55 ms, found 2 plugins.
Preloading 0 native plugins for Editor in 0.00 ms.
Unloading 1530 Unused Serialized files (Serialized files now loaded: 0)
System memory in use before: 74.1 MB.
System memory in use after: 74.2 MB.

Unloading 14 unused Assets to reduce memory usage. Loaded Objects now: 2033.
Total: 3.970100 ms (FindLiveObjects: 0.199800 ms CreateObjectMapping: 0.079700 ms MarkObjects: 3.661500 ms  DeleteObjects: 0.028300 ms)

AssetImportParameters requested are different than current active one (requested -> active):
  custom:framework-win-MediaFoundation: 216162199b28c13a410421893ffa2e32 -> 
  custom:video-decoder-ogg-theora: a1e56fd34408186e4bbccfd4996cb3dc -> 
  custom:container-muxer-webm: aa71ff27fc2769a1b78a27578f13a17b -> 
  custom:container-demuxer-webm: 4f35f7cbe854078d1ac9338744f61a02 -> 
  custom:container-demuxer-ogg: 62fdf1f143b41e24485cea50d1cbac27 -> 
  custom:video-encoder-webm-vp8: eb34c28f22e8b96e1ab97ce403110664 -> 
  custom:video-codec-MediaFoundation-h265: 746d11721c4dcdbdad8f713fa42b33f4 -> 
  custom:video-decoder-webm-vp8: 9c59270c3fd7afecdb556c50c9e8de78 -> 
  custom:audio-decoder-ogg-vorbis: bf7c407c2cedff20999df2af8eb42d56 -> 
  custom:audio-encoder-webm-vorbis: bf7c407c2cedff20999df2af8eb42d56 -> 
========================================================================
Received Prepare
Registering precompiled user dll's ...
Registered in 0.003569 seconds.
Begin MonoManager ReloadAssembly
Native extension for WindowsStandalone target not found
Native extension for WebGL target not found
Refreshing native plugins compatible for Editor in 0.37 ms, found 2 plugins.
Preloading 0 native plugins for Editor in 0.00 ms.
Mono: successfully reloaded assembly
- Completed reload, in  0.886 seconds
Domain Reload Profiling:
	ReloadAssembly (886ms)
		BeginReloadAssembly (128ms)
			ExecutionOrderSort (0ms)
			DisableScriptedObjects (4ms)
			BackupInstance (0ms)
			ReleaseScriptingObjects (0ms)
			CreateAndSetChildDomain (42ms)
		EndReloadAssembly (702ms)
			LoadAssemblies (86ms)
			RebuildTransferFunctionScriptingTraits (0ms)
			SetupTypeCache (261ms)
			ReleaseScriptCaches (1ms)
			RebuildScriptCaches (35ms)
			SetupLoadedEditorAssemblies (245ms)
				LogAssemblyErrors (0ms)
				InitializePlatformSupportModulesInManaged (5ms)
				SetLoadedEditorAssemblies (0ms)
				RefreshPlugins (0ms)
				BeforeProcessingInitializeOnLoad (42ms)
				ProcessInitializeOnLoadAttributes (186ms)
				ProcessInitializeOnLoadMethodAttributes (8ms)
				AfterProcessingInitializeOnLoad (4ms)
				EditorAssembliesLoaded (0ms)
			ExecutionOrderSort2 (0ms)
			AwakeInstancesAfterBackupRestoration (6ms)
Platform modules already initialized, skipping
Refreshing native plugins compatible for Editor in 0.38 ms, found 2 plugins.
Preloading 0 native plugins for Editor in 0.00 ms.
Unloading 1530 Unused Serialized files (Serialized files now loaded: 0)
System memory in use before: 74.1 MB.
System memory in use after: 74.2 MB.

Unloading 14 unused Assets to reduce memory usage. Loaded Objects now: 2035.
Total: 2.511000 ms (FindLiveObjects: 0.140900 ms CreateObjectMapping: 0.047900 ms MarkObjects: 2.303200 ms  DeleteObjects: 0.018400 ms)

AssetImportParameters requested are different than current active one (requested -> active):
  custom:framework-win-MediaFoundation: 216162199b28c13a410421893ffa2e32 -> 
  custom:video-decoder-ogg-theora: a1e56fd34408186e4bbccfd4996cb3dc -> 
  custom:container-muxer-webm: aa71ff27fc2769a1b78a27578f13a17b -> 
  custom:container-demuxer-webm: 4f35f7cbe854078d1ac9338744f61a02 -> 
  custom:container-demuxer-ogg: 62fdf1f143b41e24485cea50d1cbac27 -> 
  custom:video-encoder-webm-vp8: eb34c28f22e8b96e1ab97ce403110664 -> 
  custom:video-codec-MediaFoundation-h265: 746d11721c4dcdbdad8f713fa42b33f4 -> 
  custom:video-decoder-webm-vp8: 9c59270c3fd7afecdb556c50c9e8de78 -> 
  custom:audio-decoder-ogg-vorbis: bf7c407c2cedff20999df2af8eb42d56 -> 
  custom:audio-encoder-webm-vorbis: bf7c407c2cedff20999df2af8eb42d56 -> 
========================================================================
Received Prepare
Registering precompiled user dll's ...
Registered in 0.004301 seconds.
Begin MonoManager ReloadAssembly
Native extension for WindowsStandalone target not found
Native extension for WebGL target not found
Refreshing native plugins compatible for Editor in 0.38 ms, found 2 plugins.
Preloading 0 native plugins for Editor in 0.00 ms.
Mono: successfully reloaded assembly
- Completed reload, in  0.982 seconds
Domain Reload Profiling:
	ReloadAssembly (982ms)
		BeginReloadAssembly (115ms)
			ExecutionOrderSort (0ms)
			DisableScriptedObjects (4ms)
			BackupInstance (0ms)
			ReleaseScriptingObjects (0ms)
			CreateAndSetChildDomain (32ms)
		EndReloadAssembly (814ms)
			LoadAssemblies (96ms)
			RebuildTransferFunctionScriptingTraits (0ms)
			SetupTypeCache (324ms)
			ReleaseScriptCaches (1ms)
			RebuildScriptCaches (40ms)
			SetupLoadedEditorAssemblies (273ms)
				LogAssemblyErrors (0ms)
				InitializePlatformSupportModulesInManaged (5ms)
				SetLoadedEditorAssemblies (1ms)
				RefreshPlugins (0ms)
				BeforeProcessingInitializeOnLoad (50ms)
				ProcessInitializeOnLoadAttributes (204ms)
				ProcessInitializeOnLoadMethodAttributes (8ms)
				AfterProcessingInitializeOnLoad (4ms)
				EditorAssembliesLoaded (0ms)
			ExecutionOrderSort2 (0ms)
			AwakeInstancesAfterBackupRestoration (7ms)
Platform modules already initialized, skipping
Refreshing native plugins compatible for Editor in 0.37 ms, found 2 plugins.
Preloading 0 native plugins for Editor in 0.00 ms.
Unloading 1530 Unused Serialized files (Serialized files now loaded: 0)
System memory in use before: 74.1 MB.
System memory in use after: 74.2 MB.

Unloading 14 unused Assets to reduce memory usage. Loaded Objects now: 2037.
Total: 2.837200 ms (FindLiveObjects: 0.164200 ms CreateObjectMapping: 0.075700 ms MarkObjects: 2.573700 ms  DeleteObjects: 0.022800 ms)

AssetImportParameters requested are different than current active one (requested -> active):
  custom:framework-win-MediaFoundation: 216162199b28c13a410421893ffa2e32 -> 
  custom:video-decoder-ogg-theora: a1e56fd34408186e4bbccfd4996cb3dc -> 
  custom:container-muxer-webm: aa71ff27fc2769a1b78a27578f13a17b -> 
  custom:container-demuxer-webm: 4f35f7cbe854078d1ac9338744f61a02 -> 
  custom:container-demuxer-ogg: 62fdf1f143b41e24485cea50d1cbac27 -> 
  custom:video-encoder-webm-vp8: eb34c28f22e8b96e1ab97ce403110664 -> 
  custom:video-codec-MediaFoundation-h265: 746d11721c4dcdbdad8f713fa42b33f4 -> 
  custom:video-decoder-webm-vp8: 9c59270c3fd7afecdb556c50c9e8de78 -> 
  custom:audio-decoder-ogg-vorbis: bf7c407c2cedff20999df2af8eb42d56 -> 
  custom:audio-encoder-webm-vorbis: bf7c407c2cedff20999df2af8eb42d56 -> 
========================================================================
Received Prepare
Registering precompiled user dll's ...
Registered in 0.007560 seconds.
Begin MonoManager ReloadAssembly
Native extension for WindowsStandalone target not found
Native extension for WebGL target not found
Refreshing native plugins compatible for Editor in 0.38 ms, found 2 plugins.
Preloading 0 native plugins for Editor in 0.00 ms.
Mono: successfully reloaded assembly
- Completed reload, in  0.972 seconds
Domain Reload Profiling:
	ReloadAssembly (973ms)
		BeginReloadAssembly (148ms)
			ExecutionOrderSort (0ms)
			DisableScriptedObjects (5ms)
			BackupInstance (0ms)
			ReleaseScriptingObjects (0ms)
			CreateAndSetChildDomain (51ms)
		EndReloadAssembly (770ms)
			LoadAssemblies (93ms)
			RebuildTransferFunctionScriptingTraits (0ms)
			SetupTypeCache (267ms)
			ReleaseScriptCaches (1ms)
			RebuildScriptCaches (34ms)
			SetupLoadedEditorAssemblies (257ms)
				LogAssemblyErrors (0ms)
				InitializePlatformSupportModulesInManaged (5ms)
				SetLoadedEditorAssemblies (0ms)
				RefreshPlugins (0ms)
				BeforeProcessingInitializeOnLoad (45ms)
				ProcessInitializeOnLoadAttributes (195ms)
				ProcessInitializeOnLoadMethodAttributes (8ms)
				AfterProcessingInitializeOnLoad (4ms)
				EditorAssembliesLoaded (0ms)
			ExecutionOrderSort2 (0ms)
			AwakeInstancesAfterBackupRestoration (6ms)
Platform modules already initialized, skipping
Refreshing native plugins compatible for Editor in 0.42 ms, found 2 plugins.
Preloading 0 native plugins for Editor in 0.00 ms.
Unloading 1530 Unused Serialized files (Serialized files now loaded: 0)
System memory in use before: 74.1 MB.
System memory in use after: 74.2 MB.

Unloading 14 unused Assets to reduce memory usage. Loaded Objects now: 2039.
Total: 2.763000 ms (FindLiveObjects: 0.141300 ms CreateObjectMapping: 0.045700 ms MarkObjects: 2.559100 ms  DeleteObjects: 0.016100 ms)

AssetImportParameters requested are different than current active one (requested -> active):
  custom:framework-win-MediaFoundation: 216162199b28c13a410421893ffa2e32 -> 
  custom:video-decoder-ogg-theora: a1e56fd34408186e4bbccfd4996cb3dc -> 
  custom:container-muxer-webm: aa71ff27fc2769a1b78a27578f13a17b -> 
  custom:container-demuxer-webm: 4f35f7cbe854078d1ac9338744f61a02 -> 
  custom:container-demuxer-ogg: 62fdf1f143b41e24485cea50d1cbac27 -> 
  custom:video-encoder-webm-vp8: eb34c28f22e8b96e1ab97ce403110664 -> 
  custom:video-codec-MediaFoundation-h265: 746d11721c4dcdbdad8f713fa42b33f4 -> 
  custom:video-decoder-webm-vp8: 9c59270c3fd7afecdb556c50c9e8de78 -> 
  custom:audio-decoder-ogg-vorbis: bf7c407c2cedff20999df2af8eb42d56 -> 
  custom:audio-encoder-webm-vorbis: bf7c407c2cedff20999df2af8eb42d56 -> 
AssetImportWorkerClient::OnTransportError - code=2 error=End of file
